2026-01-09 10:40:11 | INFO | Dynamic config loaded into strategy: {'leverage': 1.0, 'adx_trending_min': 25, 'adx_ranging_max': 15, 'trend_sl_atr': 1.5, 'range_sl_atr': 1.0, 'session_start_hour': 0, 'session_end_hour': 23}
2026-01-09 10:40:11 | INFO | Bot starting main loop...
2026-01-09 10:40:11 | INFO | Starting daily auto-optimization...
2026-01-09 10:40:12 | ERROR | Auto-optimization failed: None
2026-01-09 10:40:19 | INFO | [PAPER] Price: 90,957.0 | Balance: 10,000.00 USDT | Pos: None | ATR: 554.81
2026-01-09 10:40:29 | INFO | Starting daily auto-optimization...
2026-01-09 10:40:30 | ERROR | Auto-optimization failed: None
2026-01-09 10:40:30 | INFO | [PAPER] Price: 90,956.9 | Balance: 10,000.00 USDT | Pos: None | ATR: 554.81
2026-01-09 10:40:40 | INFO | Starting daily auto-optimization...
2026-01-09 10:40:41 | ERROR | Auto-optimization failed: None
2026-01-09 10:40:41 | INFO | [PAPER] Price: 90,942.1 | Balance: 10,000.00 USDT | Pos: None | ATR: 554.81
2026-01-09 10:40:51 | INFO | Starting daily auto-optimization...
2026-01-09 10:40:52 | ERROR | Auto-optimization failed: None
2026-01-09 10:40:52 | INFO | [PAPER] Price: 90,952.5 | Balance: 10,000.00 USDT | Pos: None | ATR: 554.81
2026-01-09 10:41:02 | INFO | Starting daily auto-optimization...
2026-01-09 10:41:50 | INFO | Auto-optimization completed successfully.
2026-01-09 10:41:50 | INFO | Dynamic config loaded into strategy: {'leverage': 1.0, 'adx_trending_min': 30, 'adx_ranging_max': 15, 'trend_sl_atr': 1.5, 'range_sl_atr': 1.0, 'session_start_hour': 0, 'session_end_hour': 23}
2026-01-09 10:41:50 | INFO | [PAPER] Price: 90,932.8 | Balance: 10,000.00 USDT | Pos: None | ATR: 554.81
2026-01-09 10:42:00 | INFO | [PAPER] Price: 90,926.9 | Balance: 10,000.00 USDT | Pos: None | ATR: 554.81
2026-01-09 10:42:10 | INFO | [PAPER] Price: 90,952.1 | Balance: 10,000.00 USDT | Pos: None | ATR: 554.81
2026-01-09 10:42:25 | INFO | [PAPER] Price: 90,938.5 | Balance: 10,000.00 USDT | Pos: None | ATR: 554.81
2026-01-09 10:42:38 | INFO | [PAPER] Price: 90,918.9 | Balance: 10,000.00 USDT | Pos: None | ATR: 554.81
2026-01-09 10:42:48 | INFO | [PAPER] Price: 90,933.9 | Balance: 10,000.00 USDT | Pos: None | ATR: 554.81
2026-01-09 10:42:58 | INFO | [PAPER] Price: 90,915.5 | Balance: 10,000.00 USDT | Pos: None | ATR: 554.81
2026-01-09 10:43:08 | INFO | [PAPER] Price: 90,879.1 | Balance: 10,000.00 USDT | Pos: None | ATR: 554.81
2026-01-09 10:43:19 | INFO | [PAPER] Price: 90,873.3 | Balance: 10,000.00 USDT | Pos: None | ATR: 554.81
2026-01-09 10:43:29 | INFO | [PAPER] Price: 90,854.6 | Balance: 10,000.00 USDT | Pos: None | ATR: 554.81
2026-01-09 10:43:39 | INFO | [PAPER] Price: 90,891.2 | Balance: 10,000.00 USDT | Pos: None | ATR: 554.81
2026-01-09 10:43:49 | INFO | Dynamic config loaded into strategy: {'leverage': 1.0, 'adx_trending_min': 30, 'adx_ranging_max': 15, 'trend_sl_atr': 1.5, 'range_sl_atr': 1.0, 'session_start_hour': 0, 'session_end_hour': 23}
2026-01-09 10:43:49 | INFO | Bot starting main loop...
2026-01-09 10:43:50 | INFO | [PAPER] Price: 90,903.1 | Balance: 10,000.00 USDT | Pos: None | ATR: 554.81
2026-01-09 10:44:00 | INFO | [PAPER] Price: 90,907.1 | Balance: 10,000.00 USDT | Pos: None | ATR: 554.81
2026-01-09 10:44:10 | INFO | [PAPER] Price: 90,900.0 | Balance: 10,000.00 USDT | Pos: None | ATR: 554.81
2026-01-09 10:44:20 | INFO | [PAPER] Price: 90,900.0 | Balance: 10,000.00 USDT | Pos: None | ATR: 554.81
2026-01-09 10:44:31 | INFO | [PAPER] Price: 90,887.6 | Balance: 10,000.00 USDT | Pos: None | ATR: 554.81
2026-01-09 10:44:39 | INFO | Dynamic config loaded into strategy: {'leverage': 1.0, 'adx_trending_min': 30, 'adx_ranging_max': 15, 'trend_sl_atr': 1.5, 'range_sl_atr': 1.0, 'session_start_hour': 0, 'session_end_hour': 23}
2026-01-09 10:44:39 | INFO | Bot starting main loop...
2026-01-09 10:44:40 | INFO | [PAPER] Price: 90,887.6 | Balance: 10,000.00 USDT | Pos: None | ATR: 554.81
2026-01-09 10:44:50 | INFO | [PAPER] Price: 90,909.9 | Balance: 10,000.00 USDT | Pos: None | ATR: 554.81
2026-01-09 10:45:01 | INFO | [PAPER] Price: 90,909.9 | Balance: 10,000.00 USDT | Pos: None | ATR: 554.81
2026-01-09 10:45:11 | INFO | [PAPER] Price: 90,906.1 | Balance: 10,000.00 USDT | Pos: None | ATR: 554.81
2026-01-09 10:45:21 | INFO | [PAPER] Price: 90,924.7 | Balance: 10,000.00 USDT | Pos: None | ATR: 554.81
2026-01-09 10:45:31 | INFO | [PAPER] Price: 90,936.5 | Balance: 10,000.00 USDT | Pos: None | ATR: 554.81
2026-01-09 10:45:41 | INFO | [PAPER] Price: 90,931.6 | Balance: 10,000.00 USDT | Pos: None | ATR: 554.81
2026-01-09 10:45:53 | INFO | [PAPER] Price: 90,928.1 | Balance: 10,000.00 USDT | Pos: None | ATR: 554.81
2026-01-09 10:46:04 | INFO | [PAPER] Price: 90,928.6 | Balance: 10,000.00 USDT | Pos: None | ATR: 554.81
2026-01-09 10:46:14 | INFO | [PAPER] Price: 90,931.8 | Balance: 10,000.00 USDT | Pos: None | ATR: 554.81
2026-01-09 10:46:27 | INFO | [PAPER] Price: 90,940.7 | Balance: 10,000.00 USDT | Pos: None | ATR: 554.81
2026-01-09 10:46:37 | INFO | [PAPER] Price: 90,940.9 | Balance: 10,000.00 USDT | Pos: None | ATR: 554.81
2026-01-09 10:46:47 | INFO | [PAPER] Price: 90,940.9 | Balance: 10,000.00 USDT | Pos: None | ATR: 554.81
2026-01-09 10:46:57 | INFO | [PAPER] Price: 90,934.9 | Balance: 10,000.00 USDT | Pos: None | ATR: 554.81
2026-01-09 10:47:07 | INFO | [PAPER] Price: 90,934.9 | Balance: 10,000.00 USDT | Pos: None | ATR: 554.81
2026-01-09 10:47:17 | INFO | [PAPER] Price: 90,925.5 | Balance: 10,000.00 USDT | Pos: None | ATR: 554.81
2026-01-09 10:47:27 | INFO | [PAPER] Price: 90,918.1 | Balance: 10,000.00 USDT | Pos: None | ATR: 554.81
2026-01-09 10:47:38 | INFO | [PAPER] Price: 90,920.2 | Balance: 10,000.00 USDT | Pos: None | ATR: 554.81
2026-01-09 10:47:48 | INFO | [PAPER] Price: 90,911.3 | Balance: 10,000.00 USDT | Pos: None | ATR: 554.81
2026-01-09 10:47:58 | INFO | [PAPER] Price: 90,918.8 | Balance: 10,000.00 USDT | Pos: None | ATR: 554.81
2026-01-09 10:48:07 | INFO | Dynamic config loaded into strategy: {'leverage': 1.0, 'adx_trending_min': 30, 'adx_ranging_max': 15, 'trend_sl_atr': 1.5, 'range_sl_atr': 1.0, 'session_start_hour': 0, 'session_end_hour': 23}
2026-01-09 10:48:07 | INFO | Bot starting main loop...
2026-01-09 10:48:08 | INFO | [PAPER] Price: 90,917.7 | Balance: 10,000.00 USDT | Pos: None | ATR: 554.81
2026-01-09 10:48:18 | INFO | [PAPER] Price: 90,920.2 | Balance: 10,000.00 USDT | Pos: None | ATR: 554.81
2026-01-09 10:48:28 | INFO | [PAPER] Price: 90,944.3 | Balance: 10,000.00 USDT | Pos: None | ATR: 554.81
2026-01-09 10:48:39 | INFO | [PAPER] Price: 90,960.1 | Balance: 10,000.00 USDT | Pos: None | ATR: 554.81
2026-01-09 10:48:49 | INFO | [PAPER] Price: 90,968.0 | Balance: 10,000.00 USDT | Pos: None | ATR: 554.81
2026-01-09 10:48:59 | INFO | [PAPER] Price: 90,973.8 | Balance: 10,000.00 USDT | Pos: None | ATR: 554.81
2026-01-09 10:49:09 | INFO | [PAPER] Price: 90,978.0 | Balance: 10,000.00 USDT | Pos: None | ATR: 554.81
2026-01-09 10:49:11 | INFO | Dynamic config loaded into strategy: {'leverage': 1.0, 'adx_trending_min': 30, 'adx_ranging_max': 15, 'trend_sl_atr': 1.5, 'range_sl_atr': 1.0, 'session_start_hour': 0, 'session_end_hour': 23}
2026-01-09 10:49:11 | INFO | Bot starting main loop...
2026-01-09 10:49:12 | INFO | [PAPER] Price: 90,984.6 | Balance: 10,000.00 USDT | Pos: None | ATR: 554.81
2026-01-09 10:49:22 | INFO | [PAPER] Price: 90,985.4 | Balance: 10,000.00 USDT | Pos: None | ATR: 554.81
2026-01-09 10:49:32 | INFO | [PAPER] Price: 91,022.0 | Balance: 10,000.00 USDT | Pos: None | ATR: 554.81
2026-01-09 10:49:42 | INFO | [PAPER] Price: 91,009.1 | Balance: 10,000.00 USDT | Pos: None | ATR: 554.81
2026-01-09 10:49:52 | INFO | [PAPER] Price: 91,021.9 | Balance: 10,000.00 USDT | Pos: None | ATR: 554.81
2026-01-09 10:50:02 | INFO | [PAPER] Price: 91,006.3 | Balance: 10,000.00 USDT | Pos: None | ATR: 554.81
2026-01-09 10:50:13 | INFO | [PAPER] Price: 91,000.1 | Balance: 10,000.00 USDT | Pos: None | ATR: 554.81
2026-01-09 10:50:23 | INFO | [PAPER] Price: 90,991.8 | Balance: 10,000.00 USDT | Pos: None | ATR: 554.81
2026-01-09 10:50:37 | INFO | [PAPER] Price: 90,986.7 | Balance: 10,000.00 USDT | Pos: None | ATR: 554.81
2026-01-09 10:50:52 | INFO | [PAPER] Price: 90,986.7 | Balance: 10,000.00 USDT | Pos: None | ATR: 554.81
2026-01-09 10:51:04 | INFO | [PAPER] Price: 91,001.5 | Balance: 10,000.00 USDT | Pos: None | ATR: 554.81
2026-01-09 10:51:14 | INFO | [PAPER] Price: 91,017.3 | Balance: 10,000.00 USDT | Pos: None | ATR: 554.81
2026-01-09 10:51:31 | INFO | [PAPER] Price: 91,003.3 | Balance: 10,000.00 USDT | Pos: None | ATR: 554.81
2026-01-09 10:51:41 | INFO | [PAPER] Price: 91,003.3 | Balance: 10,000.00 USDT | Pos: None | ATR: 554.81
2026-01-09 10:51:51 | INFO | [PAPER] Price: 90,986.7 | Balance: 10,000.00 USDT | Pos: None | ATR: 554.81
2026-01-09 10:52:02 | INFO | [PAPER] Price: 90,965.0 | Balance: 10,000.00 USDT | Pos: None | ATR: 554.81
2026-01-09 10:52:14 | INFO | [PAPER] Price: 90,984.1 | Balance: 10,000.00 USDT | Pos: None | ATR: 554.81
2026-01-09 10:52:24 | INFO | [PAPER] Price: 90,977.7 | Balance: 10,000.00 USDT | Pos: None | ATR: 554.81
2026-01-09 10:52:34 | INFO | [PAPER] Price: 90,952.4 | Balance: 10,000.00 USDT | Pos: None | ATR: 554.81
2026-01-09 10:52:44 | INFO | [PAPER] Price: 90,943.9 | Balance: 10,000.00 USDT | Pos: None | ATR: 554.81
2026-01-09 10:52:54 | INFO | [PAPER] Price: 90,943.8 | Balance: 10,000.00 USDT | Pos: None | ATR: 554.81
2026-01-09 10:53:04 | INFO | [PAPER] Price: 90,954.9 | Balance: 10,000.00 USDT | Pos: None | ATR: 554.81
2026-01-09 10:53:15 | INFO | [PAPER] Price: 90,969.9 | Balance: 10,000.00 USDT | Pos: None | ATR: 554.81
2026-01-09 10:53:25 | INFO | [PAPER] Price: 90,986.8 | Balance: 10,000.00 USDT | Pos: None | ATR: 554.81
2026-01-09 10:53:35 | INFO | [PAPER] Price: 90,993.3 | Balance: 10,000.00 USDT | Pos: None | ATR: 554.81
2026-01-09 10:53:45 | INFO | [PAPER] Price: 90,993.3 | Balance: 10,000.00 USDT | Pos: None | ATR: 554.81
2026-01-09 10:53:55 | INFO | [PAPER] Price: 90,983.1 | Balance: 10,000.00 USDT | Pos: None | ATR: 554.81
2026-01-09 10:54:05 | INFO | [PAPER] Price: 91,017.1 | Balance: 10,000.00 USDT | Pos: None | ATR: 554.81
2026-01-09 10:54:15 | INFO | [PAPER] Price: 91,017.0 | Balance: 10,000.00 USDT | Pos: None | ATR: 554.81
2026-01-09 10:54:26 | INFO | [PAPER] Price: 90,990.2 | Balance: 10,000.00 USDT | Pos: None | ATR: 554.81
2026-01-09 10:54:36 | INFO | [PAPER] Price: 90,998.0 | Balance: 10,000.00 USDT | Pos: None | ATR: 554.81
2026-01-09 10:54:46 | INFO | [PAPER] Price: 90,997.9 | Balance: 10,000.00 USDT | Pos: None | ATR: 554.81
2026-01-09 10:54:56 | INFO | [PAPER] Price: 91,013.7 | Balance: 10,000.00 USDT | Pos: None | ATR: 554.81
2026-01-09 10:55:06 | INFO | [PAPER] Price: 91,021.2 | Balance: 10,000.00 USDT | Pos: None | ATR: 554.81
2026-01-09 10:55:13 | INFO | Dynamic config loaded into strategy: {'leverage': 1.0, 'adx_trending_min': 30, 'adx_ranging_max': 15, 'trend_sl_atr': 1.5, 'range_sl_atr': 1.0, 'session_start_hour': 0, 'session_end_hour': 23}
2026-01-09 10:55:13 | INFO | Bot starting main loop...
2026-01-09 10:55:14 | INFO | [PAPER] Price: 91,021.2 | Balance: 10,000.00 USDT | Pos: None | ATR: 554.81
2026-01-09 10:55:24 | INFO | [PAPER] Price: 91,008.4 | Balance: 10,000.00 USDT | Pos: None | ATR: 554.81
2026-01-09 10:55:34 | INFO | [PAPER] Price: 90,991.0 | Balance: 10,000.00 USDT | Pos: None | ATR: 554.81
2026-01-09 10:55:45 | INFO | [PAPER] Price: 90,991.0 | Balance: 10,000.00 USDT | Pos: None | ATR: 554.81
2026-01-09 10:55:55 | INFO | [PAPER] Price: 90,988.1 | Balance: 10,000.00 USDT | Pos: None | ATR: 554.81
2026-01-09 10:56:05 | INFO | [PAPER] Price: 90,988.1 | Balance: 10,000.00 USDT | Pos: None | ATR: 554.81
2026-01-09 10:56:15 | INFO | [PAPER] Price: 90,988.2 | Balance: 10,000.00 USDT | Pos: None | ATR: 554.81
2026-01-09 10:56:25 | INFO | [PAPER] Price: 90,988.2 | Balance: 10,000.00 USDT | Pos: None | ATR: 554.81
2026-01-09 10:56:36 | INFO | [PAPER] Price: 90,986.7 | Balance: 10,000.00 USDT | Pos: None | ATR: 554.81
2026-01-09 10:56:46 | INFO | [PAPER] Price: 90,982.6 | Balance: 10,000.00 USDT | Pos: None | ATR: 554.81
2026-01-09 10:56:59 | INFO | [PAPER] Price: 90,994.7 | Balance: 10,000.00 USDT | Pos: None | ATR: 554.81
2026-01-09 10:57:10 | INFO | [PAPER] Price: 91,019.4 | Balance: 10,000.00 USDT | Pos: None | ATR: 554.81
2026-01-09 10:57:21 | INFO | [PAPER] Price: 91,003.7 | Balance: 10,000.00 USDT | Pos: None | ATR: 554.81
2026-01-09 10:57:31 | INFO | [PAPER] Price: 91,006.9 | Balance: 10,000.00 USDT | Pos: None | ATR: 554.81
2026-01-09 10:57:41 | INFO | [PAPER] Price: 91,008.1 | Balance: 10,000.00 USDT | Pos: None | ATR: 554.81
2026-01-09 10:57:52 | INFO | [PAPER] Price: 91,010.9 | Balance: 10,000.00 USDT | Pos: None | ATR: 554.81
2026-01-09 10:58:02 | INFO | [PAPER] Price: 91,010.9 | Balance: 10,000.00 USDT | Pos: None | ATR: 554.81
2026-01-09 10:58:12 | INFO | [PAPER] Price: 91,018.9 | Balance: 10,000.00 USDT | Pos: None | ATR: 554.81
2026-01-09 10:58:22 | INFO | [PAPER] Price: 91,021.4 | Balance: 10,000.00 USDT | Pos: None | ATR: 554.81
2026-01-09 10:58:32 | INFO | [PAPER] Price: 91,021.4 | Balance: 10,000.00 USDT | Pos: None | ATR: 554.81
2026-01-09 10:58:42 | INFO | [PAPER] Price: 91,001.9 | Balance: 10,000.00 USDT | Pos: None | ATR: 554.81
2026-01-09 10:58:53 | INFO | [PAPER] Price: 91,024.0 | Balance: 10,000.00 USDT | Pos: None | ATR: 554.81
2026-01-09 10:59:03 | INFO | [PAPER] Price: 91,018.0 | Balance: 10,000.00 USDT | Pos: None | ATR: 554.81
2026-01-09 10:59:13 | INFO | [PAPER] Price: 91,018.1 | Balance: 10,000.00 USDT | Pos: None | ATR: 554.81
2026-01-09 10:59:23 | INFO | [PAPER] Price: 91,018.1 | Balance: 10,000.00 USDT | Pos: None | ATR: 554.81
2026-01-09 10:59:33 | INFO | [PAPER] Price: 91,024.1 | Balance: 10,000.00 USDT | Pos: None | ATR: 554.81
2026-01-09 10:59:43 | INFO | [PAPER] Price: 91,018.2 | Balance: 10,000.00 USDT | Pos: None | ATR: 554.81
2026-01-09 10:59:48 | INFO | Dynamic config loaded into strategy: {'leverage': 1.0, 'adx_trending_min': 30, 'adx_ranging_max': 15, 'trend_sl_atr': 1.5, 'range_sl_atr': 1.0, 'session_start_hour': 0, 'session_end_hour': 23}
2026-01-09 10:59:48 | INFO | Bot starting main loop...
2026-01-09 10:59:49 | INFO | [PAPER] Price: 91,010.9 | Balance: 10,000.00 USDT | Pos: None | ATR: 554.81
2026-01-09 10:59:59 | INFO | [PAPER] Price: 91,010.8 | Balance: 10,000.00 USDT | Pos: None | ATR: 554.81
2026-01-09 11:00:09 | INFO | [PAPER] Price: 91,018.0 | Balance: 10,000.00 USDT | Pos: None | ATR: 515.69
2026-01-09 11:00:19 | INFO | [PAPER] Price: 91,028.2 | Balance: 10,000.00 USDT | Pos: None | ATR: 516.70
2026-01-09 11:00:29 | INFO | [PAPER] Price: 91,028.1 | Balance: 10,000.00 USDT | Pos: None | ATR: 516.70
2026-01-09 11:00:39 | INFO | [PAPER] Price: 91,017.7 | Balance: 10,000.00 USDT | Pos: None | ATR: 516.70
2026-01-09 11:00:49 | INFO | [PAPER] Price: 91,010.9 | Balance: 10,000.00 USDT | Pos: None | ATR: 516.70
2026-01-09 11:01:00 | INFO | [PAPER] Price: 91,000.0 | Balance: 10,000.00 USDT | Pos: None | ATR: 517.47
2026-01-09 11:01:10 | INFO | [PAPER] Price: 90,986.5 | Balance: 10,000.00 USDT | Pos: None | ATR: 518.44
2026-01-09 11:01:20 | INFO | [PAPER] Price: 90,986.6 | Balance: 10,000.00 USDT | Pos: None | ATR: 518.44
2026-01-09 11:01:30 | INFO | [PAPER] Price: 90,986.6 | Balance: 10,000.00 USDT | Pos: None | ATR: 518.44
2026-01-09 11:01:40 | INFO | [PAPER] Price: 90,986.5 | Balance: 10,000.00 USDT | Pos: None | ATR: 518.44
2026-01-09 11:01:50 | INFO | [PAPER] Price: 90,986.6 | Balance: 10,000.00 USDT | Pos: None | ATR: 518.44
2026-01-09 11:02:00 | INFO | [PAPER] Price: 90,986.5 | Balance: 10,000.00 USDT | Pos: None | ATR: 518.44
2026-01-09 11:02:10 | INFO | [PAPER] Price: 91,006.2 | Balance: 10,000.00 USDT | Pos: None | ATR: 518.44
2026-01-09 11:02:21 | INFO | [PAPER] Price: 90,997.1 | Balance: 10,000.00 USDT | Pos: None | ATR: 518.44
2026-01-09 11:02:27 | INFO | Dynamic config loaded into strategy: {'leverage': 1.0, 'adx_trending_min': 30, 'adx_ranging_max': 15, 'trend_sl_atr': 1.5, 'range_sl_atr': 1.0, 'session_start_hour': 0, 'session_end_hour': 23}
2026-01-09 11:02:27 | INFO | Bot starting main loop...
2026-01-09 11:02:28 | INFO | [PAPER] Price: 90,997.1 | Balance: 10,000.00 USDT | Pos: None | ATR: 518.44
2026-01-09 11:02:38 | INFO | [PAPER] Price: 90,997.2 | Balance: 10,000.00 USDT | Pos: None | ATR: 518.44
2026-01-09 11:02:48 | INFO | [PAPER] Price: 90,997.3 | Balance: 10,000.00 USDT | Pos: None | ATR: 518.44
2026-01-09 11:02:58 | INFO | [PAPER] Price: 90,997.2 | Balance: 10,000.00 USDT | Pos: None | ATR: 518.44
2026-01-09 11:03:08 | INFO | [PAPER] Price: 91,005.7 | Balance: 10,000.00 USDT | Pos: None | ATR: 518.44
2026-01-09 11:03:18 | INFO | [PAPER] Price: 91,021.7 | Balance: 10,000.00 USDT | Pos: None | ATR: 518.44
2026-01-09 11:03:28 | INFO | [PAPER] Price: 91,046.3 | Balance: 10,000.00 USDT | Pos: None | ATR: 519.79
2026-01-09 11:03:39 | INFO | [PAPER] Price: 91,051.8 | Balance: 10,000.00 USDT | Pos: None | ATR: 519.84
2026-01-09 11:03:49 | INFO | [PAPER] Price: 91,057.6 | Balance: 10,000.00 USDT | Pos: None | ATR: 521.10
2026-01-09 11:03:59 | INFO | [PAPER] Price: 91,087.8 | Balance: 10,000.00 USDT | Pos: None | ATR: 522.41
2026-01-09 11:04:09 | INFO | [PAPER] Price: 91,134.0 | Balance: 10,000.00 USDT | Pos: None | ATR: 525.71
2026-01-09 11:04:19 | INFO | [PAPER] Price: 91,166.2 | Balance: 10,000.00 USDT | Pos: None | ATR: 529.74
2026-01-09 11:04:29 | INFO | [PAPER] Price: 91,170.1 | Balance: 10,000.00 USDT | Pos: None | ATR: 529.74
2026-01-09 11:04:39 | INFO | [PAPER] Price: 91,151.7 | Balance: 10,000.00 USDT | Pos: None | ATR: 529.74
2026-01-09 11:04:50 | INFO | [PAPER] Price: 91,151.8 | Balance: 10,000.00 USDT | Pos: None | ATR: 529.74
2026-01-09 11:05:00 | INFO | [PAPER] Price: 91,157.3 | Balance: 10,000.00 USDT | Pos: None | ATR: 529.74
2026-01-09 11:05:10 | INFO | [PAPER] Price: 91,192.9 | Balance: 10,000.00 USDT | Pos: None | ATR: 529.93
2026-01-09 11:05:20 | INFO | [PAPER] Price: 91,183.5 | Balance: 10,000.00 USDT | Pos: None | ATR: 529.93
2026-01-09 11:05:30 | INFO | [PAPER] Price: 91,192.2 | Balance: 10,000.00 USDT | Pos: None | ATR: 529.93
2026-01-09 11:05:40 | INFO | [PAPER] Price: 91,197.8 | Balance: 10,000.00 USDT | Pos: None | ATR: 530.27
2026-01-09 11:05:50 | INFO | [PAPER] Price: 91,199.9 | Balance: 10,000.00 USDT | Pos: None | ATR: 530.43
2026-01-09 11:06:01 | INFO | [PAPER] Price: 91,211.8 | Balance: 10,000.00 USDT | Pos: None | ATR: 533.13
2026-01-09 11:06:11 | INFO | [PAPER] Price: 91,220.1 | Balance: 10,000.00 USDT | Pos: None | ATR: 533.13
2026-01-09 11:06:21 | INFO | [PAPER] Price: 91,236.0 | Balance: 10,000.00 USDT | Pos: None | ATR: 533.13
2026-01-09 11:06:31 | INFO | [PAPER] Price: 91,232.2 | Balance: 10,000.00 USDT | Pos: None | ATR: 533.13
2026-01-09 11:06:41 | INFO | [PAPER] Price: 91,242.9 | Balance: 10,000.00 USDT | Pos: None | ATR: 533.50
2026-01-09 11:06:51 | INFO | [PAPER] Price: 91,344.2 | Balance: 10,000.00 USDT | Pos: None | ATR: 541.20
2026-01-09 11:06:53 | INFO | Dynamic config loaded into strategy: {'leverage': 1.0, 'adx_trending_min': 30, 'adx_ranging_max': 15, 'trend_sl_atr': 1.5, 'range_sl_atr': 1.0, 'session_start_hour': 0, 'session_end_hour': 23}
2026-01-09 11:06:53 | INFO | Bot starting main loop...
2026-01-09 11:06:54 | INFO | [PAPER] Price: 91,352.2 | Balance: 10,000.00 USDT | Pos: None | ATR: 542.39
2026-01-09 11:07:04 | INFO | [PAPER] Price: 91,376.7 | Balance: 10,000.00 USDT | Pos: None | ATR: 544.07
2026-01-09 11:07:14 | INFO | [PAPER] Price: 91,340.0 | Balance: 10,000.00 USDT | Pos: None | ATR: 544.07
2026-01-09 11:07:24 | INFO | [PAPER] Price: 91,349.0 | Balance: 10,000.00 USDT | Pos: None | ATR: 544.07
2026-01-09 11:07:34 | INFO | [PAPER] Price: 91,341.0 | Balance: 10,000.00 USDT | Pos: None | ATR: 544.07
2026-01-09 11:07:45 | INFO | [PAPER] Price: 91,344.9 | Balance: 10,000.00 USDT | Pos: None | ATR: 544.07
2026-01-09 11:07:55 | INFO | [PAPER] Price: 91,330.0 | Balance: 10,000.00 USDT | Pos: None | ATR: 544.07
2026-01-09 11:08:05 | INFO | [PAPER] Price: 91,320.9 | Balance: 10,000.00 USDT | Pos: None | ATR: 544.07
2026-01-09 11:08:15 | INFO | [PAPER] Price: 91,323.8 | Balance: 10,000.00 USDT | Pos: None | ATR: 544.07
2026-01-09 11:08:25 | INFO | [PAPER] Price: 91,323.8 | Balance: 10,000.00 USDT | Pos: None | ATR: 544.07
2026-01-09 11:08:35 | INFO | [PAPER] Price: 91,303.0 | Balance: 10,000.00 USDT | Pos: None | ATR: 544.07
2026-01-09 11:08:45 | INFO | [PAPER] Price: 91,322.2 | Balance: 10,000.00 USDT | Pos: None | ATR: 544.07
2026-01-09 11:08:56 | INFO | [PAPER] Price: 91,324.7 | Balance: 10,000.00 USDT | Pos: None | ATR: 544.07
2026-01-09 11:09:06 | INFO | [PAPER] Price: 91,329.7 | Balance: 10,000.00 USDT | Pos: None | ATR: 544.07
2026-01-09 11:09:16 | INFO | [PAPER] Price: 91,311.9 | Balance: 10,000.00 USDT | Pos: None | ATR: 544.07
2026-01-09 11:09:26 | INFO | [PAPER] Price: 91,308.0 | Balance: 10,000.00 USDT | Pos: None | ATR: 544.07
2026-01-09 11:09:36 | INFO | [PAPER] Price: 91,355.0 | Balance: 10,000.00 USDT | Pos: None | ATR: 544.07
2026-01-09 11:09:46 | INFO | [PAPER] Price: 91,361.4 | Balance: 10,000.00 USDT | Pos: None | ATR: 544.07
2026-01-09 11:09:56 | INFO | [PAPER] Price: 91,325.9 | Balance: 10,000.00 USDT | Pos: None | ATR: 544.07
2026-01-09 11:10:01 | INFO | Dynamic config loaded into strategy: {'leverage': 1.0, 'adx_trending_min': 30, 'adx_ranging_max': 15, 'trend_sl_atr': 1.5, 'range_sl_atr': 1.0, 'session_start_hour': 0, 'session_end_hour': 23}
2026-01-09 11:10:01 | INFO | Bot starting main loop...
2026-01-09 11:10:01 | INFO | [PAPER] Price: 91,313.5 | Balance: 10,000.00 USDT | Pos: None | ATR: 544.07
2026-01-09 11:10:11 | INFO | [PAPER] Price: 91,341.7 | Balance: 10,000.00 USDT | Pos: None | ATR: 544.07
2026-01-09 11:10:22 | INFO | [PAPER] Price: 91,341.8 | Balance: 10,000.00 USDT | Pos: None | ATR: 544.07
2026-01-09 11:10:32 | INFO | [PAPER] Price: 91,358.0 | Balance: 10,000.00 USDT | Pos: None | ATR: 544.07
2026-01-09 11:10:42 | INFO | [PAPER] Price: 91,352.4 | Balance: 10,000.00 USDT | Pos: None | ATR: 544.07
2026-01-09 11:10:52 | INFO | [PAPER] Price: 91,340.9 | Balance: 10,000.00 USDT | Pos: None | ATR: 544.07
2026-01-09 11:11:02 | INFO | [PAPER] Price: 91,424.7 | Balance: 10,000.00 USDT | Pos: None | ATR: 547.09
2026-01-09 11:11:12 | INFO | [PAPER] Price: 91,387.3 | Balance: 10,000.00 USDT | Pos: None | ATR: 547.09
2026-01-09 11:11:22 | INFO | [PAPER] Price: 91,409.4 | Balance: 10,000.00 USDT | Pos: None | ATR: 547.09
2026-01-09 11:11:32 | INFO | [PAPER] Price: 91,404.6 | Balance: 10,000.00 USDT | Pos: None | ATR: 547.09
2026-01-09 11:11:43 | INFO | [PAPER] Price: 91,392.3 | Balance: 10,000.00 USDT | Pos: None | ATR: 547.09
2026-01-09 11:11:53 | INFO | [PAPER] Price: 91,395.2 | Balance: 10,000.00 USDT | Pos: None | ATR: 547.09
2026-01-09 11:12:03 | INFO | [PAPER] Price: 91,390.2 | Balance: 10,000.00 USDT | Pos: None | ATR: 547.09
2026-01-09 11:12:13 | INFO | [PAPER] Price: 91,409.3 | Balance: 10,000.00 USDT | Pos: None | ATR: 547.09
2026-01-09 11:12:23 | INFO | [PAPER] Price: 91,423.5 | Balance: 10,000.00 USDT | Pos: None | ATR: 547.09
2026-01-09 11:12:33 | INFO | [PAPER] Price: 91,423.5 | Balance: 10,000.00 USDT | Pos: None | ATR: 547.09
2026-01-09 11:12:43 | INFO | [PAPER] Price: 91,397.2 | Balance: 10,000.00 USDT | Pos: None | ATR: 547.09
2026-01-09 11:12:53 | INFO | [PAPER] Price: 91,400.2 | Balance: 10,000.00 USDT | Pos: None | ATR: 547.09
2026-01-09 11:13:04 | INFO | [PAPER] Price: 91,419.9 | Balance: 10,000.00 USDT | Pos: None | ATR: 547.09
2026-01-09 11:13:14 | INFO | [PAPER] Price: 91,420.0 | Balance: 10,000.00 USDT | Pos: None | ATR: 547.09
2026-01-09 11:13:24 | INFO | [PAPER] Price: 91,419.9 | Balance: 10,000.00 USDT | Pos: None | ATR: 547.09
2026-01-09 11:13:34 | INFO | [PAPER] Price: 91,405.0 | Balance: 10,000.00 USDT | Pos: None | ATR: 547.09
2026-01-09 11:13:44 | INFO | [PAPER] Price: 91,420.0 | Balance: 10,000.00 USDT | Pos: None | ATR: 547.09
2026-01-09 11:13:54 | INFO | [PAPER] Price: 91,410.1 | Balance: 10,000.00 USDT | Pos: None | ATR: 547.09
2026-01-09 11:14:04 | INFO | [PAPER] Price: 91,405.1 | Balance: 10,000.00 USDT | Pos: None | ATR: 547.09
2026-01-09 11:14:15 | INFO | Dynamic config loaded into strategy: {'leverage': 1.0, 'adx_trending_min': 30, 'adx_ranging_max': 15, 'trend_sl_atr': 1.5, 'range_sl_atr': 1.0, 'session_start_hour': 0, 'session_end_hour': 23}
2026-01-09 11:14:15 | INFO | Bot starting main loop...
2026-01-09 11:14:17 | INFO | [PAPER] Price: 91,405.0 | Balance: 100.00 USDT | Pos: None | ATR: 547.09
2026-01-09 11:14:27 | INFO | [PAPER] Price: 91,401.7 | Balance: 100.00 USDT | Pos: None | ATR: 547.09
2026-01-09 11:14:37 | INFO | [PAPER] Price: 91,402.2 | Balance: 100.00 USDT | Pos: None | ATR: 547.09
2026-01-09 11:14:47 | INFO | [PAPER] Price: 91,395.9 | Balance: 100.00 USDT | Pos: None | ATR: 547.09
2026-01-09 11:14:57 | INFO | [PAPER] Price: 91,396.8 | Balance: 100.00 USDT | Pos: None | ATR: 547.09
2026-01-09 11:15:07 | INFO | [PAPER] Price: 91,396.8 | Balance: 100.00 USDT | Pos: None | ATR: 547.09
2026-01-09 11:15:17 | INFO | [PAPER] Price: 91,405.0 | Balance: 100.00 USDT | Pos: None | ATR: 547.09
2026-01-09 11:15:21 | INFO | Dynamic config loaded into strategy: {'leverage': 1.0, 'adx_trending_min': 30, 'adx_ranging_max': 15, 'trend_sl_atr': 1.5, 'range_sl_atr': 1.0, 'session_start_hour': 0, 'session_end_hour': 23}
2026-01-09 11:15:21 | INFO | Bot starting main loop...
2026-01-09 11:15:22 | INFO | [PAPER] Price: 91,410.0 | Balance: 100.00 USDT | Pos: None | ATR: 547.09
2026-01-09 11:15:33 | INFO | [PAPER] Price: 91,420.7 | Balance: 100.00 USDT | Pos: None | ATR: 547.09
2026-01-09 11:15:43 | INFO | [PAPER] Price: 91,420.6 | Balance: 100.00 USDT | Pos: None | ATR: 547.09
2026-01-09 11:15:53 | INFO | [PAPER] Price: 91,405.1 | Balance: 100.00 USDT | Pos: None | ATR: 547.09
2026-01-09 11:16:03 | INFO | [PAPER] Price: 91,416.0 | Balance: 100.00 USDT | Pos: None | ATR: 547.09
2026-01-09 11:16:13 | INFO | [PAPER] Price: 91,437.1 | Balance: 100.00 USDT | Pos: None | ATR: 548.55
2026-01-09 11:16:23 | INFO | [PAPER] Price: 91,440.8 | Balance: 100.00 USDT | Pos: None | ATR: 549.26
2026-01-09 11:16:33 | INFO | [PAPER] Price: 91,435.8 | Balance: 100.00 USDT | Pos: None | ATR: 549.26
2026-01-09 11:16:43 | INFO | [PAPER] Price: 91,435.8 | Balance: 100.00 USDT | Pos: None | ATR: 549.26
2026-01-09 11:16:54 | INFO | [PAPER] Price: 91,400.1 | Balance: 100.00 USDT | Pos: None | ATR: 549.26
2026-01-09 11:17:04 | INFO | [PAPER] Price: 91,413.2 | Balance: 100.00 USDT | Pos: None | ATR: 549.26
2026-01-09 11:17:14 | INFO | [PAPER] Price: 91,412.6 | Balance: 100.00 USDT | Pos: None | ATR: 549.26
2026-01-09 11:17:24 | INFO | [PAPER] Price: 91,387.5 | Balance: 100.00 USDT | Pos: None | ATR: 549.26
2026-01-09 11:17:34 | INFO | [PAPER] Price: 91,370.0 | Balance: 100.00 USDT | Pos: None | ATR: 549.26
2026-01-09 11:17:45 | INFO | [PAPER] Price: 91,368.4 | Balance: 100.00 USDT | Pos: None | ATR: 549.26
2026-01-09 11:17:55 | INFO | [PAPER] Price: 91,376.5 | Balance: 100.00 USDT | Pos: None | ATR: 549.26
2026-01-09 11:18:05 | INFO | [PAPER] Price: 91,379.2 | Balance: 100.00 USDT | Pos: None | ATR: 549.26
2026-01-09 11:18:15 | INFO | [PAPER] Price: 91,372.8 | Balance: 100.00 USDT | Pos: None | ATR: 549.26
2026-01-09 11:18:25 | INFO | [PAPER] Price: 91,372.6 | Balance: 100.00 USDT | Pos: None | ATR: 549.26
2026-01-09 11:18:35 | INFO | [PAPER] Price: 91,362.1 | Balance: 100.00 USDT | Pos: None | ATR: 549.26
2026-01-09 11:18:45 | INFO | [PAPER] Price: 91,353.6 | Balance: 100.00 USDT | Pos: None | ATR: 549.26
2026-01-09 11:18:56 | INFO | [PAPER] Price: 91,353.5 | Balance: 100.00 USDT | Pos: None | ATR: 549.26
2026-01-09 11:19:02 | INFO | Dynamic config loaded into strategy: {'leverage': 1.0, 'adx_trending_min': 30, 'adx_ranging_max': 15, 'trend_sl_atr': 1.5, 'range_sl_atr': 1.0, 'session_start_hour': 0, 'session_end_hour': 23}
2026-01-09 11:19:02 | INFO | Bot starting main loop...
2026-01-09 11:19:03 | INFO | [PAPER] Price: 91,333.4 | Balance: 100.00 USDT | Pos: None | ATR: 549.26
2026-01-09 11:19:13 | INFO | [PAPER] Price: 91,321.7 | Balance: 100.00 USDT | Pos: None | ATR: 549.26
2026-01-09 11:19:23 | INFO | [PAPER] Price: 91,316.1 | Balance: 100.00 USDT | Pos: None | ATR: 549.26
2026-01-09 11:19:33 | INFO | [PAPER] Price: 91,316.1 | Balance: 100.00 USDT | Pos: None | ATR: 549.26
2026-01-09 11:19:44 | INFO | [PAPER] Price: 91,317.2 | Balance: 100.00 USDT | Pos: None | ATR: 549.26
2026-01-09 11:19:54 | INFO | [PAPER] Price: 91,317.3 | Balance: 100.00 USDT | Pos: None | ATR: 549.26
2026-01-09 11:20:04 | INFO | [PAPER] Price: 91,347.9 | Balance: 100.00 USDT | Pos: None | ATR: 549.26
2026-01-09 11:20:14 | INFO | [PAPER] Price: 91,366.2 | Balance: 100.00 USDT | Pos: None | ATR: 549.26
2026-01-09 11:20:24 | INFO | [PAPER] Price: 91,385.3 | Balance: 100.00 USDT | Pos: None | ATR: 549.26
2026-01-09 11:20:34 | INFO | [PAPER] Price: 91,369.3 | Balance: 100.00 USDT | Pos: None | ATR: 549.26
2026-01-09 11:20:44 | INFO | [PAPER] Price: 91,414.9 | Balance: 100.00 USDT | Pos: None | ATR: 549.26
2026-01-09 11:20:55 | INFO | [PAPER] Price: 91,418.8 | Balance: 100.00 USDT | Pos: None | ATR: 549.26
2026-01-09 11:21:05 | INFO | [PAPER] Price: 91,393.2 | Balance: 100.00 USDT | Pos: None | ATR: 549.26
2026-01-09 11:21:15 | INFO | [PAPER] Price: 91,374.8 | Balance: 100.00 USDT | Pos: None | ATR: 549.26
2026-01-09 11:21:25 | INFO | [PAPER] Price: 91,374.0 | Balance: 100.00 USDT | Pos: None | ATR: 549.26
2026-01-09 11:21:35 | INFO | [PAPER] Price: 91,374.0 | Balance: 100.00 USDT | Pos: None | ATR: 549.26
2026-01-09 11:21:40 | INFO | Dynamic config loaded into strategy: {'leverage': 1.0, 'adx_trending_min': 30, 'adx_ranging_max': 15, 'trend_sl_atr': 1.5, 'range_sl_atr': 1.0, 'session_start_hour': 0, 'session_end_hour': 23}
2026-01-09 11:21:40 | INFO | Bot starting main loop...
2026-01-09 11:21:41 | INFO | [PAPER] Price: 91,392.6 | Balance: 100.00 USDT | Pos: None | ATR: 549.26
2026-01-09 11:21:51 | INFO | [PAPER] Price: 91,405.7 | Balance: 100.00 USDT | Pos: None | ATR: 549.26
2026-01-09 11:22:01 | INFO | [PAPER] Price: 91,378.0 | Balance: 100.00 USDT | Pos: None | ATR: 549.26
2026-01-09 11:22:12 | INFO | [PAPER] Price: 91,384.4 | Balance: 100.00 USDT | Pos: None | ATR: 549.26
2026-01-09 11:22:22 | INFO | [PAPER] Price: 91,384.5 | Balance: 100.00 USDT | Pos: None | ATR: 549.26
2026-01-09 11:22:32 | INFO | [PAPER] Price: 91,387.1 | Balance: 100.00 USDT | Pos: None | ATR: 549.26
2026-01-09 11:22:42 | INFO | [PAPER] Price: 91,384.9 | Balance: 100.00 USDT | Pos: None | ATR: 549.26
2026-01-09 11:22:52 | INFO | [PAPER] Price: 91,392.0 | Balance: 100.00 USDT | Pos: None | ATR: 549.26
2026-01-09 11:23:02 | INFO | [PAPER] Price: 91,378.4 | Balance: 100.00 USDT | Pos: None | ATR: 549.26
2026-01-09 11:23:12 | INFO | [PAPER] Price: 91,398.9 | Balance: 100.00 USDT | Pos: None | ATR: 549.26
2026-01-09 11:23:23 | INFO | [PAPER] Price: 91,404.3 | Balance: 100.00 USDT | Pos: None | ATR: 549.26
2026-01-09 11:23:33 | INFO | [PAPER] Price: 91,404.3 | Balance: 100.00 USDT | Pos: None | ATR: 549.26
2026-01-09 11:23:43 | INFO | [PAPER] Price: 91,417.4 | Balance: 100.00 USDT | Pos: None | ATR: 549.26
2026-01-09 11:23:53 | INFO | [PAPER] Price: 91,390.5 | Balance: 100.00 USDT | Pos: None | ATR: 549.26
2026-01-09 11:24:03 | INFO | [PAPER] Price: 91,377.3 | Balance: 100.00 USDT | Pos: None | ATR: 549.26
2026-01-09 11:24:13 | INFO | [PAPER] Price: 91,358.3 | Balance: 100.00 USDT | Pos: None | ATR: 549.26
2026-01-09 11:24:23 | INFO | [PAPER] Price: 91,341.6 | Balance: 100.00 USDT | Pos: None | ATR: 549.26
2026-01-09 11:24:34 | INFO | [PAPER] Price: 91,340.0 | Balance: 100.00 USDT | Pos: None | ATR: 549.26
2026-01-09 11:24:39 | INFO | Dynamic config loaded into strategy: {'leverage': 1.0, 'adx_trending_min': 30, 'adx_ranging_max': 15, 'trend_sl_atr': 1.5, 'range_sl_atr': 1.0, 'session_start_hour': 0, 'session_end_hour': 23}
2026-01-09 11:24:39 | INFO | Bot starting main loop...
2026-01-09 11:24:41 | INFO | [PAPER] Price: 91,340.0 | Balance: 100.00 USDT | Pos: None | ATR: 549.26
2026-01-09 11:24:51 | INFO | [PAPER] Price: 91,345.3 | Balance: 100.00 USDT | Pos: None | ATR: 549.26
2026-01-09 11:25:01 | INFO | [PAPER] Price: 91,352.0 | Balance: 100.00 USDT | Pos: None | ATR: 549.26
2026-01-09 11:25:12 | INFO | [PAPER] Price: 91,337.1 | Balance: 100.00 USDT | Pos: None | ATR: 549.26
2026-01-09 11:25:22 | INFO | [PAPER] Price: 91,340.6 | Balance: 100.00 USDT | Pos: None | ATR: 549.26
2026-01-09 11:25:32 | INFO | [PAPER] Price: 91,340.6 | Balance: 100.00 USDT | Pos: None | ATR: 549.26
2026-01-09 11:25:42 | INFO | [PAPER] Price: 91,335.7 | Balance: 100.00 USDT | Pos: None | ATR: 549.26
2026-01-09 11:25:52 | INFO | [PAPER] Price: 91,338.7 | Balance: 100.00 USDT | Pos: None | ATR: 549.26
2026-01-09 11:26:02 | INFO | [PAPER] Price: 91,338.7 | Balance: 100.00 USDT | Pos: None | ATR: 549.26
2026-01-09 11:26:12 | INFO | [PAPER] Price: 91,354.7 | Balance: 100.00 USDT | Pos: None | ATR: 549.26
2026-01-09 11:26:23 | INFO | [PAPER] Price: 91,330.5 | Balance: 100.00 USDT | Pos: None | ATR: 549.26
2026-01-09 11:26:33 | INFO | [PAPER] Price: 91,330.4 | Balance: 100.00 USDT | Pos: None | ATR: 549.26
2026-01-09 11:26:43 | INFO | [PAPER] Price: 91,342.8 | Balance: 100.00 USDT | Pos: None | ATR: 549.26
2026-01-09 11:26:53 | INFO | [PAPER] Price: 91,338.4 | Balance: 100.00 USDT | Pos: None | ATR: 549.26
2026-01-09 11:27:03 | INFO | [PAPER] Price: 91,338.5 | Balance: 100.00 USDT | Pos: None | ATR: 549.26
2026-01-09 11:27:13 | INFO | [PAPER] Price: 91,344.1 | Balance: 100.00 USDT | Pos: None | ATR: 549.26
2026-01-09 11:27:23 | INFO | [PAPER] Price: 91,349.5 | Balance: 100.00 USDT | Pos: None | ATR: 549.26
2026-01-09 11:27:33 | INFO | [PAPER] Price: 91,311.4 | Balance: 100.00 USDT | Pos: None | ATR: 549.26
2026-01-09 11:27:44 | INFO | [PAPER] Price: 91,288.4 | Balance: 100.00 USDT | Pos: None | ATR: 549.26
2026-01-09 11:27:54 | INFO | [PAPER] Price: 91,283.2 | Balance: 100.00 USDT | Pos: None | ATR: 549.26
2026-01-09 11:28:04 | INFO | [PAPER] Price: 91,283.6 | Balance: 100.00 USDT | Pos: None | ATR: 549.26
2026-01-09 11:28:14 | INFO | [PAPER] Price: 91,254.1 | Balance: 100.00 USDT | Pos: None | ATR: 549.26
2026-01-09 11:28:24 | INFO | [PAPER] Price: 91,257.9 | Balance: 100.00 USDT | Pos: None | ATR: 549.26
2026-01-09 11:28:34 | INFO | [PAPER] Price: 91,266.6 | Balance: 100.00 USDT | Pos: None | ATR: 549.26
2026-01-09 11:28:44 | INFO | [PAPER] Price: 91,266.6 | Balance: 100.00 USDT | Pos: None | ATR: 549.26
2026-01-09 11:28:54 | INFO | [PAPER] Price: 91,266.6 | Balance: 100.00 USDT | Pos: None | ATR: 549.26
2026-01-09 11:29:05 | INFO | [PAPER] Price: 91,266.7 | Balance: 100.00 USDT | Pos: None | ATR: 549.26
2026-01-09 11:29:15 | INFO | [PAPER] Price: 91,266.6 | Balance: 100.00 USDT | Pos: None | ATR: 549.26
2026-01-09 11:29:25 | INFO | [PAPER] Price: 91,266.6 | Balance: 100.00 USDT | Pos: None | ATR: 549.26
2026-01-09 11:29:35 | INFO | [PAPER] Price: 91,259.2 | Balance: 100.00 USDT | Pos: None | ATR: 549.26
2026-01-09 11:29:45 | INFO | [PAPER] Price: 91,259.1 | Balance: 100.00 USDT | Pos: None | ATR: 549.26
2026-01-09 11:29:55 | INFO | [PAPER] Price: 91,255.1 | Balance: 100.00 USDT | Pos: None | ATR: 549.26
2026-01-09 11:30:05 | INFO | [PAPER] Price: 91,251.0 | Balance: 100.00 USDT | Pos: None | ATR: 549.26
2026-01-09 11:30:15 | INFO | [PAPER] Price: 91,251.0 | Balance: 100.00 USDT | Pos: None | ATR: 549.26
2026-01-09 11:30:26 | INFO | [PAPER] Price: 91,264.5 | Balance: 100.00 USDT | Pos: None | ATR: 549.26
2026-01-09 11:30:36 | INFO | [PAPER] Price: 91,264.5 | Balance: 100.00 USDT | Pos: None | ATR: 549.26
2026-01-09 11:30:46 | INFO | [PAPER] Price: 91,264.5 | Balance: 100.00 USDT | Pos: None | ATR: 549.26
2026-01-09 11:30:56 | INFO | [PAPER] Price: 91,276.1 | Balance: 100.00 USDT | Pos: None | ATR: 549.26
2026-01-09 11:31:06 | INFO | [PAPER] Price: 91,311.4 | Balance: 100.00 USDT | Pos: None | ATR: 549.26
2026-01-09 11:31:16 | INFO | [PAPER] Price: 91,296.2 | Balance: 100.00 USDT | Pos: None | ATR: 549.26
2026-01-09 11:31:26 | INFO | [PAPER] Price: 91,288.3 | Balance: 100.00 USDT | Pos: None | ATR: 549.26
2026-01-09 11:31:37 | INFO | [PAPER] Price: 91,286.6 | Balance: 100.00 USDT | Pos: None | ATR: 549.26
2026-01-09 11:31:47 | INFO | [PAPER] Price: 91,274.2 | Balance: 100.00 USDT | Pos: None | ATR: 549.26
2026-01-09 11:31:57 | INFO | [PAPER] Price: 91,270.4 | Balance: 100.00 USDT | Pos: None | ATR: 549.26
2026-01-09 11:32:07 | INFO | [PAPER] Price: 91,275.7 | Balance: 100.00 USDT | Pos: None | ATR: 549.26
2026-01-09 11:32:17 | INFO | [PAPER] Price: 91,244.8 | Balance: 100.00 USDT | Pos: None | ATR: 549.26
2026-01-09 11:32:27 | INFO | [PAPER] Price: 91,246.7 | Balance: 100.00 USDT | Pos: None | ATR: 549.26
2026-01-09 11:32:37 | INFO | [PAPER] Price: 91,235.0 | Balance: 100.00 USDT | Pos: None | ATR: 549.26
2026-01-09 11:32:48 | INFO | [PAPER] Price: 91,222.7 | Balance: 100.00 USDT | Pos: None | ATR: 549.26
2026-01-09 11:32:58 | INFO | [PAPER] Price: 91,219.2 | Balance: 100.00 USDT | Pos: None | ATR: 549.26
2026-01-09 11:33:08 | INFO | [PAPER] Price: 91,205.1 | Balance: 100.00 USDT | Pos: None | ATR: 549.26
2026-01-09 11:33:18 | INFO | [PAPER] Price: 91,184.5 | Balance: 100.00 USDT | Pos: None | ATR: 549.26
2026-01-09 11:33:28 | INFO | [PAPER] Price: 91,199.2 | Balance: 100.00 USDT | Pos: None | ATR: 549.26
2026-01-09 11:33:38 | INFO | [PAPER] Price: 91,217.8 | Balance: 100.00 USDT | Pos: None | ATR: 549.26
2026-01-09 11:33:48 | INFO | [PAPER] Price: 91,211.1 | Balance: 100.00 USDT | Pos: None | ATR: 549.26
2026-01-09 11:33:58 | INFO | [PAPER] Price: 91,203.0 | Balance: 100.00 USDT | Pos: None | ATR: 549.26
2026-01-09 11:34:08 | INFO | [PAPER] Price: 91,209.7 | Balance: 100.00 USDT | Pos: None | ATR: 549.26
2026-01-09 11:34:19 | INFO | [PAPER] Price: 91,202.1 | Balance: 100.00 USDT | Pos: None | ATR: 549.26
2026-01-09 11:34:29 | INFO | [PAPER] Price: 91,195.0 | Balance: 100.00 USDT | Pos: None | ATR: 549.26
2026-01-09 11:34:39 | INFO | [PAPER] Price: 91,189.1 | Balance: 100.00 USDT | Pos: None | ATR: 549.26
2026-01-09 11:34:49 | INFO | [PAPER] Price: 91,180.2 | Balance: 100.00 USDT | Pos: None | ATR: 549.26
2026-01-09 11:34:59 | INFO | [PAPER] Price: 91,173.7 | Balance: 100.00 USDT | Pos: None | ATR: 549.26
2026-01-09 11:35:09 | INFO | [PAPER] Price: 91,182.8 | Balance: 100.00 USDT | Pos: None | ATR: 549.26
2026-01-09 11:35:19 | INFO | [PAPER] Price: 91,183.0 | Balance: 100.00 USDT | Pos: None | ATR: 549.26
2026-01-09 11:35:29 | INFO | [PAPER] Price: 91,182.9 | Balance: 100.00 USDT | Pos: None | ATR: 549.26
2026-01-09 11:35:40 | INFO | Dynamic config loaded into strategy: {'leverage': 1.0, 'adx_trending_min': 30, 'adx_ranging_max': 15, 'trend_sl_atr': 1.5, 'range_sl_atr': 1.0, 'session_start_hour': 0, 'session_end_hour': 23}
2026-01-09 11:35:40 | INFO | Bot starting main loop...
2026-01-09 11:35:42 | INFO | [PAPER] Price: 91,177.1 | Balance: 100.00 USDT | Pos: None | ATR: 549.26
2026-01-09 11:35:52 | INFO | [PAPER] Price: 91,174.0 | Balance: 100.00 USDT | Pos: None | ATR: 549.26
2026-01-09 11:36:02 | INFO | [PAPER] Price: 91,180.6 | Balance: 100.00 USDT | Pos: None | ATR: 549.26
2026-01-09 11:36:12 | INFO | [PAPER] Price: 91,187.5 | Balance: 100.00 USDT | Pos: None | ATR: 549.26
2026-01-09 11:36:22 | INFO | [PAPER] Price: 91,217.7 | Balance: 100.00 USDT | Pos: None | ATR: 549.26
2026-01-09 11:36:32 | INFO | [PAPER] Price: 91,197.2 | Balance: 100.00 USDT | Pos: None | ATR: 549.26
2026-01-09 11:36:42 | INFO | [PAPER] Price: 91,185.5 | Balance: 100.00 USDT | Pos: None | ATR: 549.26
2026-01-09 11:36:53 | INFO | [PAPER] Price: 91,219.9 | Balance: 100.00 USDT | Pos: None | ATR: 549.26
2026-01-09 11:37:03 | INFO | [PAPER] Price: 91,229.9 | Balance: 100.00 USDT | Pos: None | ATR: 549.26
2026-01-09 11:37:13 | INFO | [PAPER] Price: 91,215.0 | Balance: 100.00 USDT | Pos: None | ATR: 549.26
2026-01-09 11:37:23 | INFO | [PAPER] Price: 91,197.0 | Balance: 100.00 USDT | Pos: None | ATR: 549.26
2026-01-09 11:37:34 | INFO | [PAPER] Price: 91,190.2 | Balance: 100.00 USDT | Pos: None | ATR: 549.26
2026-01-09 11:37:44 | INFO | [PAPER] Price: 91,190.2 | Balance: 100.00 USDT | Pos: None | ATR: 549.26
2026-01-09 11:37:54 | INFO | [PAPER] Price: 91,182.2 | Balance: 100.00 USDT | Pos: None | ATR: 549.26
2026-01-09 11:38:04 | INFO | [PAPER] Price: 91,187.8 | Balance: 100.00 USDT | Pos: None | ATR: 549.26
2026-01-09 11:38:14 | INFO | [PAPER] Price: 91,187.8 | Balance: 100.00 USDT | Pos: None | ATR: 549.26
2026-01-09 11:38:24 | INFO | [PAPER] Price: 91,187.8 | Balance: 100.00 USDT | Pos: None | ATR: 549.26
2026-01-09 11:38:35 | INFO | [PAPER] Price: 91,187.8 | Balance: 100.00 USDT | Pos: None | ATR: 549.26
2026-01-09 11:38:45 | INFO | [PAPER] Price: 91,180.3 | Balance: 100.00 USDT | Pos: None | ATR: 549.26
2026-01-09 11:38:55 | INFO | [PAPER] Price: 91,173.9 | Balance: 100.00 USDT | Pos: None | ATR: 549.26
2026-01-09 11:39:05 | INFO | [PAPER] Price: 91,161.0 | Balance: 100.00 USDT | Pos: None | ATR: 549.26
2026-01-09 11:39:15 | INFO | [PAPER] Price: 91,161.0 | Balance: 100.00 USDT | Pos: None | ATR: 549.26
2026-01-09 11:39:25 | INFO | [PAPER] Price: 91,161.0 | Balance: 100.00 USDT | Pos: None | ATR: 549.26
2026-01-09 11:39:36 | INFO | [PAPER] Price: 91,152.0 | Balance: 100.00 USDT | Pos: None | ATR: 549.26
2026-01-09 11:39:46 | INFO | [PAPER] Price: 91,147.4 | Balance: 100.00 USDT | Pos: None | ATR: 549.26
2026-01-09 11:39:56 | INFO | [PAPER] Price: 91,147.4 | Balance: 100.00 USDT | Pos: None | ATR: 549.26
2026-01-09 11:40:04 | INFO | Dynamic config loaded into strategy: {'leverage': 1.0, 'adx_trending_min': 30, 'adx_ranging_max': 15, 'trend_sl_atr': 1.5, 'range_sl_atr': 1.0, 'session_start_hour': 0, 'session_end_hour': 23}
2026-01-09 11:40:04 | INFO | Bot starting main loop...
2026-01-09 11:40:05 | INFO | [PAPER] Price: 91,134.7 | Balance: 100.00 USDT | Pos: None | ATR: 549.26
2026-01-09 11:40:16 | INFO | [PAPER] Price: 91,118.0 | Balance: 100.00 USDT | Pos: None | ATR: 549.26
2026-01-09 11:40:26 | INFO | [PAPER] Price: 91,111.4 | Balance: 100.00 USDT | Pos: None | ATR: 549.26
2026-01-09 11:40:36 | INFO | [PAPER] Price: 91,092.1 | Balance: 100.00 USDT | Pos: None | ATR: 549.26
2026-01-09 11:40:46 | INFO | [PAPER] Price: 91,092.2 | Balance: 100.00 USDT | Pos: None | ATR: 549.26
2026-01-09 11:40:56 | INFO | [PAPER] Price: 91,094.9 | Balance: 100.00 USDT | Pos: None | ATR: 549.26
2026-01-09 11:41:06 | INFO | [PAPER] Price: 91,122.1 | Balance: 100.00 USDT | Pos: None | ATR: 549.26
2026-01-09 11:41:16 | INFO | [PAPER] Price: 91,122.2 | Balance: 100.00 USDT | Pos: None | ATR: 549.26
2026-01-09 11:41:27 | INFO | [PAPER] Price: 91,122.2 | Balance: 100.00 USDT | Pos: None | ATR: 549.26
2026-01-09 11:41:37 | INFO | [PAPER] Price: 91,129.9 | Balance: 100.00 USDT | Pos: None | ATR: 549.26
2026-01-09 11:41:47 | INFO | [PAPER] Price: 91,149.4 | Balance: 100.00 USDT | Pos: None | ATR: 549.26
2026-01-09 11:41:57 | INFO | [PAPER] Price: 91,142.7 | Balance: 100.00 USDT | Pos: None | ATR: 549.26
2026-01-09 11:42:07 | INFO | [PAPER] Price: 91,158.1 | Balance: 100.00 USDT | Pos: None | ATR: 549.26
2026-01-09 11:42:17 | INFO | [PAPER] Price: 91,138.9 | Balance: 100.00 USDT | Pos: None | ATR: 549.26
2026-01-09 11:42:27 | INFO | [PAPER] Price: 91,130.8 | Balance: 100.00 USDT | Pos: None | ATR: 549.26
2026-01-09 11:42:38 | INFO | [PAPER] Price: 91,128.3 | Balance: 100.00 USDT | Pos: None | ATR: 549.26
2026-01-09 11:42:48 | INFO | [PAPER] Price: 91,128.3 | Balance: 100.00 USDT | Pos: None | ATR: 549.26
2026-01-09 11:42:58 | INFO | [PAPER] Price: 91,128.3 | Balance: 100.00 USDT | Pos: None | ATR: 549.26
2026-01-09 11:43:08 | INFO | [PAPER] Price: 91,137.3 | Balance: 100.00 USDT | Pos: None | ATR: 549.26
2026-01-09 11:43:18 | INFO | [PAPER] Price: 91,137.3 | Balance: 100.00 USDT | Pos: None | ATR: 549.26
2026-01-09 11:43:25 | INFO | Dynamic config loaded into strategy: {'leverage': 1.0, 'adx_trending_min': 30, 'adx_ranging_max': 15, 'trend_sl_atr': 1.5, 'range_sl_atr': 1.0, 'session_start_hour': 0, 'session_end_hour': 23}
2026-01-09 11:43:25 | INFO | Bot starting main loop...
2026-01-09 11:43:26 | INFO | [PAPER] Price: 91,147.0 | Balance: 100.00 USDT | Pos: None | ATR: 549.26
2026-01-09 11:43:36 | INFO | [PAPER] Price: 91,147.0 | Balance: 100.00 USDT | Pos: None | ATR: 549.26
2026-01-09 11:43:46 | INFO | [PAPER] Price: 91,162.7 | Balance: 100.00 USDT | Pos: None | ATR: 549.26
2026-01-09 11:43:57 | INFO | [PAPER] Price: 91,174.3 | Balance: 100.00 USDT | Pos: None | ATR: 549.26
2026-01-09 11:44:07 | INFO | [PAPER] Price: 91,168.5 | Balance: 100.00 USDT | Pos: None | ATR: 549.26
2026-01-09 11:44:17 | INFO | [PAPER] Price: 91,179.3 | Balance: 100.00 USDT | Pos: None | ATR: 549.26
2026-01-09 11:44:27 | INFO | [PAPER] Price: 91,172.3 | Balance: 100.00 USDT | Pos: None | ATR: 549.26
2026-01-09 11:44:37 | INFO | [PAPER] Price: 91,176.8 | Balance: 100.00 USDT | Pos: None | ATR: 549.26
2026-01-09 11:44:47 | INFO | [PAPER] Price: 91,188.1 | Balance: 100.00 USDT | Pos: None | ATR: 549.26
2026-01-09 11:44:57 | INFO | [PAPER] Price: 91,194.5 | Balance: 100.00 USDT | Pos: None | ATR: 549.26
2026-01-09 11:45:07 | INFO | [PAPER] Price: 91,194.4 | Balance: 100.00 USDT | Pos: None | ATR: 549.26
2026-01-09 11:45:18 | INFO | [PAPER] Price: 91,200.1 | Balance: 100.00 USDT | Pos: None | ATR: 549.26
2026-01-09 11:45:28 | INFO | [PAPER] Price: 91,200.1 | Balance: 100.00 USDT | Pos: None | ATR: 549.26
2026-01-09 11:45:38 | INFO | [PAPER] Price: 91,216.4 | Balance: 100.00 USDT | Pos: None | ATR: 549.26
2026-01-09 11:45:48 | INFO | [PAPER] Price: 91,200.7 | Balance: 100.00 USDT | Pos: None | ATR: 549.26
2026-01-09 11:45:58 | INFO | [PAPER] Price: 91,170.0 | Balance: 100.00 USDT | Pos: None | ATR: 549.26
2026-01-09 11:46:08 | INFO | [PAPER] Price: 91,161.3 | Balance: 100.00 USDT | Pos: None | ATR: 549.26
2026-01-09 11:46:18 | INFO | [PAPER] Price: 91,161.3 | Balance: 100.00 USDT | Pos: None | ATR: 549.26
2026-01-09 11:46:20 | INFO | Dynamic config loaded into strategy: {'leverage': 1.0, 'adx_trending_min': 30, 'adx_ranging_max': 15, 'trend_sl_atr': 1.5, 'range_sl_atr': 1.0, 'session_start_hour': 0, 'session_end_hour': 23}
2026-01-09 11:46:20 | INFO | Bot starting main loop...
2026-01-09 11:46:21 | INFO | [PAPER] Price: 91,161.3 | Balance: 100.00 USDT | Pos: None | ATR: 549.26
2026-01-09 11:46:31 | INFO | [PAPER] Price: 91,155.5 | Balance: 100.00 USDT | Pos: None | ATR: 549.26
2026-01-09 11:46:41 | INFO | [PAPER] Price: 91,155.5 | Balance: 100.00 USDT | Pos: None | ATR: 549.26
2026-01-09 11:46:52 | INFO | [PAPER] Price: 91,155.6 | Balance: 100.00 USDT | Pos: None | ATR: 549.26
2026-01-09 11:47:02 | INFO | [PAPER] Price: 91,161.3 | Balance: 100.00 USDT | Pos: None | ATR: 549.26
2026-01-09 11:47:12 | INFO | [PAPER] Price: 91,161.3 | Balance: 100.00 USDT | Pos: None | ATR: 549.26
2026-01-09 11:47:22 | INFO | [PAPER] Price: 91,136.0 | Balance: 100.00 USDT | Pos: None | ATR: 549.26
2026-01-09 11:47:32 | INFO | [PAPER] Price: 91,141.3 | Balance: 100.00 USDT | Pos: None | ATR: 549.26
2026-01-09 11:47:42 | INFO | [PAPER] Price: 91,141.3 | Balance: 100.00 USDT | Pos: None | ATR: 549.26
2026-01-09 11:47:52 | INFO | [PAPER] Price: 91,141.3 | Balance: 100.00 USDT | Pos: None | ATR: 549.26
2026-01-09 11:48:03 | INFO | [PAPER] Price: 91,125.5 | Balance: 100.00 USDT | Pos: None | ATR: 549.26
2026-01-09 11:48:13 | INFO | [PAPER] Price: 91,125.5 | Balance: 100.00 USDT | Pos: None | ATR: 549.26
2026-01-09 11:48:23 | INFO | [PAPER] Price: 91,118.4 | Balance: 100.00 USDT | Pos: None | ATR: 549.26
2026-01-09 11:48:33 | INFO | [PAPER] Price: 91,115.2 | Balance: 100.00 USDT | Pos: None | ATR: 549.26
2026-01-09 11:48:43 | INFO | [PAPER] Price: 91,095.5 | Balance: 100.00 USDT | Pos: None | ATR: 549.26
2026-01-09 11:48:53 | INFO | [PAPER] Price: 91,070.3 | Balance: 100.00 USDT | Pos: None | ATR: 549.26
2026-01-09 11:49:03 | INFO | [PAPER] Price: 91,057.7 | Balance: 100.00 USDT | Pos: None | ATR: 549.26
2026-01-09 11:49:10 | INFO | Dynamic config loaded into strategy: {'leverage': 1.0, 'adx_trending_min': 30, 'adx_ranging_max': 15, 'trend_sl_atr': 1.5, 'range_sl_atr': 1.0, 'session_start_hour': 0, 'session_end_hour': 23}
2026-01-09 11:49:10 | INFO | Bot starting main loop...
2026-01-09 11:49:10 | INFO | [PAPER] Price: 91,075.4 | Balance: 100.00 USDT | Pos: None | ATR: 549.26
2026-01-09 11:49:21 | INFO | [PAPER] Price: 91,075.0 | Balance: 100.00 USDT | Pos: None | ATR: 549.26
2026-01-09 11:49:31 | INFO | [PAPER] Price: 91,071.7 | Balance: 100.00 USDT | Pos: None | ATR: 549.26
2026-01-09 11:49:41 | INFO | [PAPER] Price: 91,071.7 | Balance: 100.00 USDT | Pos: None | ATR: 549.26
2026-01-09 11:49:51 | INFO | [PAPER] Price: 91,071.8 | Balance: 100.00 USDT | Pos: None | ATR: 549.26
2026-01-09 11:50:01 | INFO | [PAPER] Price: 91,081.0 | Balance: 100.00 USDT | Pos: None | ATR: 549.26
2026-01-09 11:50:11 | INFO | [PAPER] Price: 91,072.0 | Balance: 100.00 USDT | Pos: None | ATR: 549.26
2026-01-09 11:50:21 | INFO | [PAPER] Price: 91,061.0 | Balance: 100.00 USDT | Pos: None | ATR: 549.26
2026-01-09 11:50:31 | INFO | [PAPER] Price: 91,070.1 | Balance: 100.00 USDT | Pos: None | ATR: 549.26
2026-01-09 11:50:42 | INFO | [PAPER] Price: 91,053.2 | Balance: 100.00 USDT | Pos: None | ATR: 549.26
2026-01-09 11:50:52 | INFO | [PAPER] Price: 91,036.3 | Balance: 100.00 USDT | Pos: None | ATR: 549.26
2026-01-09 11:51:02 | INFO | [PAPER] Price: 91,028.1 | Balance: 100.00 USDT | Pos: None | ATR: 549.26
2026-01-09 11:51:12 | INFO | [PAPER] Price: 91,042.0 | Balance: 100.00 USDT | Pos: None | ATR: 549.26
2026-01-09 11:51:22 | INFO | [PAPER] Price: 91,034.5 | Balance: 100.00 USDT | Pos: None | ATR: 549.26
2026-01-09 11:51:32 | INFO | [PAPER] Price: 91,034.4 | Balance: 100.00 USDT | Pos: None | ATR: 549.26
2026-01-09 11:51:42 | INFO | [PAPER] Price: 91,037.8 | Balance: 100.00 USDT | Pos: None | ATR: 549.26
2026-01-09 11:51:52 | INFO | [PAPER] Price: 91,053.7 | Balance: 100.00 USDT | Pos: None | ATR: 549.26
2026-01-09 11:52:03 | INFO | [PAPER] Price: 91,056.4 | Balance: 100.00 USDT | Pos: None | ATR: 549.26
2026-01-09 11:52:13 | INFO | [PAPER] Price: 91,058.8 | Balance: 100.00 USDT | Pos: None | ATR: 549.26
2026-01-09 11:52:23 | INFO | [PAPER] Price: 91,053.6 | Balance: 100.00 USDT | Pos: None | ATR: 549.26
2026-01-09 11:52:33 | INFO | [PAPER] Price: 91,069.2 | Balance: 100.00 USDT | Pos: None | ATR: 549.26
2026-01-09 11:52:43 | INFO | [PAPER] Price: 91,073.2 | Balance: 100.00 USDT | Pos: None | ATR: 549.26
2026-01-09 11:52:53 | INFO | [PAPER] Price: 91,066.0 | Balance: 100.00 USDT | Pos: None | ATR: 549.26
2026-01-09 11:53:03 | INFO | [PAPER] Price: 91,066.0 | Balance: 100.00 USDT | Pos: None | ATR: 549.26
2026-01-09 11:53:13 | INFO | [PAPER] Price: 91,055.2 | Balance: 100.00 USDT | Pos: None | ATR: 549.26
2026-01-09 11:53:24 | INFO | [PAPER] Price: 91,055.2 | Balance: 100.00 USDT | Pos: None | ATR: 549.26
2026-01-09 11:53:34 | INFO | [PAPER] Price: 91,055.2 | Balance: 100.00 USDT | Pos: None | ATR: 549.26
2026-01-09 11:53:44 | INFO | [PAPER] Price: 91,028.4 | Balance: 100.00 USDT | Pos: None | ATR: 549.26
2026-01-09 11:53:54 | INFO | [PAPER] Price: 91,049.8 | Balance: 100.00 USDT | Pos: None | ATR: 549.26
2026-01-09 11:54:04 | INFO | [PAPER] Price: 91,049.6 | Balance: 100.00 USDT | Pos: None | ATR: 549.26
2026-01-09 11:54:14 | INFO | [PAPER] Price: 91,042.7 | Balance: 100.00 USDT | Pos: None | ATR: 549.26
2026-01-09 11:54:24 | INFO | [PAPER] Price: 91,041.0 | Balance: 100.00 USDT | Pos: None | ATR: 549.26
2026-01-09 11:54:35 | INFO | [PAPER] Price: 91,041.1 | Balance: 100.00 USDT | Pos: None | ATR: 549.26
2026-01-09 11:54:45 | INFO | [PAPER] Price: 91,034.1 | Balance: 100.00 USDT | Pos: None | ATR: 549.26
2026-01-09 11:54:55 | INFO | [PAPER] Price: 91,024.6 | Balance: 100.00 USDT | Pos: None | ATR: 549.26
2026-01-09 11:55:05 | INFO | [PAPER] Price: 91,020.0 | Balance: 100.00 USDT | Pos: None | ATR: 549.26
2026-01-09 11:55:15 | INFO | [PAPER] Price: 91,020.0 | Balance: 100.00 USDT | Pos: None | ATR: 549.26
2026-01-09 11:55:25 | INFO | [PAPER] Price: 91,022.4 | Balance: 100.00 USDT | Pos: None | ATR: 549.26
2026-01-09 11:55:35 | INFO | [PAPER] Price: 91,022.3 | Balance: 100.00 USDT | Pos: None | ATR: 549.26
2026-01-09 11:55:45 | INFO | [PAPER] Price: 91,022.3 | Balance: 100.00 USDT | Pos: None | ATR: 549.26
2026-01-09 11:55:56 | INFO | [PAPER] Price: 91,010.1 | Balance: 100.00 USDT | Pos: None | ATR: 549.26
2026-01-09 11:56:06 | INFO | [PAPER] Price: 91,002.7 | Balance: 100.00 USDT | Pos: None | ATR: 549.26
2026-01-09 11:56:16 | INFO | [PAPER] Price: 91,008.7 | Balance: 100.00 USDT | Pos: None | ATR: 549.26
2026-01-09 11:56:26 | INFO | [PAPER] Price: 91,004.8 | Balance: 100.00 USDT | Pos: None | ATR: 549.26
2026-01-09 11:56:36 | INFO | [PAPER] Price: 91,004.8 | Balance: 100.00 USDT | Pos: None | ATR: 549.26
2026-01-09 11:56:46 | INFO | [PAPER] Price: 91,004.9 | Balance: 100.00 USDT | Pos: None | ATR: 549.26
2026-01-09 11:56:56 | INFO | [PAPER] Price: 91,020.7 | Balance: 100.00 USDT | Pos: None | ATR: 549.26
2026-01-09 11:57:06 | INFO | [PAPER] Price: 91,004.8 | Balance: 100.00 USDT | Pos: None | ATR: 549.26
2026-01-09 11:57:17 | INFO | [PAPER] Price: 90,980.1 | Balance: 100.00 USDT | Pos: None | ATR: 549.72
2026-01-09 11:57:27 | INFO | [PAPER] Price: 90,980.1 | Balance: 100.00 USDT | Pos: None | ATR: 549.72
2026-01-09 11:57:37 | INFO | [PAPER] Price: 90,980.0 | Balance: 100.00 USDT | Pos: None | ATR: 549.72
2026-01-09 11:57:47 | INFO | [PAPER] Price: 90,980.1 | Balance: 100.00 USDT | Pos: None | ATR: 549.72
2026-01-09 11:57:57 | INFO | [PAPER] Price: 90,983.9 | Balance: 100.00 USDT | Pos: None | ATR: 549.72
2026-01-09 11:58:07 | INFO | [PAPER] Price: 90,999.2 | Balance: 100.00 USDT | Pos: None | ATR: 549.72
2026-01-09 11:58:17 | INFO | [PAPER] Price: 91,006.1 | Balance: 100.00 USDT | Pos: None | ATR: 549.72
2026-01-09 11:58:27 | INFO | [PAPER] Price: 91,020.0 | Balance: 100.00 USDT | Pos: None | ATR: 549.72
2026-01-09 11:58:38 | INFO | [PAPER] Price: 90,998.8 | Balance: 100.00 USDT | Pos: None | ATR: 549.72
2026-01-09 11:58:48 | INFO | [PAPER] Price: 90,990.2 | Balance: 100.00 USDT | Pos: None | ATR: 549.72
2026-01-09 11:58:58 | INFO | [PAPER] Price: 90,990.1 | Balance: 100.00 USDT | Pos: None | ATR: 549.72
2026-01-09 11:59:08 | INFO | [PAPER] Price: 90,998.9 | Balance: 100.00 USDT | Pos: None | ATR: 549.72
2026-01-09 11:59:18 | INFO | [PAPER] Price: 90,994.6 | Balance: 100.00 USDT | Pos: None | ATR: 549.72
2026-01-09 11:59:28 | INFO | [PAPER] Price: 90,994.7 | Balance: 100.00 USDT | Pos: None | ATR: 549.72
2026-01-09 11:59:38 | INFO | [PAPER] Price: 90,999.9 | Balance: 100.00 USDT | Pos: None | ATR: 549.72
2026-01-09 11:59:49 | INFO | [PAPER] Price: 91,005.4 | Balance: 100.00 USDT | Pos: None | ATR: 549.72
2026-01-09 11:59:59 | INFO | [PAPER] Price: 91,005.4 | Balance: 100.00 USDT | Pos: None | ATR: 549.72
2026-01-09 12:00:09 | INFO | [PAPER] Price: 91,005.5 | Balance: 100.00 USDT | Pos: None | ATR: 510.46
2026-01-09 12:00:19 | INFO | [PAPER] Price: 91,005.5 | Balance: 100.00 USDT | Pos: None | ATR: 510.76
2026-01-09 12:00:29 | INFO | [PAPER] Price: 90,985.4 | Balance: 100.00 USDT | Pos: None | ATR: 512.18
2026-01-09 12:00:39 | INFO | [PAPER] Price: 90,982.8 | Balance: 100.00 USDT | Pos: None | ATR: 512.38
2026-01-09 12:00:50 | INFO | Dynamic config loaded into strategy: {'leverage': 1.0, 'adx_trending_min': 30, 'adx_ranging_max': 15, 'trend_sl_atr': 1.5, 'range_sl_atr': 1.0, 'session_start_hour': 0, 'session_end_hour': 23}
2026-01-09 12:00:50 | INFO | Bot starting main loop...
2026-01-09 12:00:51 | INFO | [PAPER] Price: 90,982.7 | Balance: 100.00 USDT | Pos: None | ATR: 512.38
2026-01-09 12:01:01 | INFO | [PAPER] Price: 90,965.3 | Balance: 100.00 USDT | Pos: None | ATR: 514.43
2026-01-09 12:01:12 | INFO | [PAPER] Price: 90,961.2 | Balance: 100.00 USDT | Pos: None | ATR: 515.22
2026-01-09 12:01:22 | INFO | [PAPER] Price: 90,930.0 | Balance: 100.00 USDT | Pos: None | ATR: 516.14
2026-01-09 12:01:32 | INFO | [PAPER] Price: 90,929.0 | Balance: 100.00 USDT | Pos: None | ATR: 516.60
2026-01-09 12:01:42 | INFO | [PAPER] Price: 90,946.9 | Balance: 100.00 USDT | Pos: None | ATR: 516.60
2026-01-09 12:01:52 | INFO | [PAPER] Price: 90,948.7 | Balance: 100.00 USDT | Pos: None | ATR: 516.60
2026-01-09 12:02:02 | INFO | [PAPER] Price: 90,959.5 | Balance: 100.00 USDT | Pos: None | ATR: 516.60
2026-01-09 12:02:12 | INFO | [PAPER] Price: 90,951.4 | Balance: 100.00 USDT | Pos: None | ATR: 516.60
2026-01-09 12:02:23 | INFO | [PAPER] Price: 90,951.5 | Balance: 100.00 USDT | Pos: None | ATR: 516.60
2026-01-09 12:02:33 | INFO | [PAPER] Price: 90,951.4 | Balance: 100.00 USDT | Pos: None | ATR: 516.60
2026-01-09 12:02:43 | INFO | [PAPER] Price: 90,951.5 | Balance: 100.00 USDT | Pos: None | ATR: 516.60
2026-01-09 12:02:53 | INFO | [PAPER] Price: 90,963.1 | Balance: 100.00 USDT | Pos: None | ATR: 516.60
2026-01-09 12:03:00 | INFO | Dynamic config loaded into strategy: {'leverage': 1.0, 'adx_trending_min': 30, 'adx_ranging_max': 15, 'trend_sl_atr': 1.5, 'range_sl_atr': 1.0, 'session_start_hour': 0, 'session_end_hour': 23}
2026-01-09 12:03:00 | INFO | Bot starting main loop...
2026-01-09 12:03:01 | INFO | [PAPER] Price: 90,963.0 | Balance: 100.00 USDT | Pos: None | ATR: 516.60
2026-01-09 12:03:11 | INFO | [PAPER] Price: 90,967.7 | Balance: 100.00 USDT | Pos: None | ATR: 516.60
2026-01-09 12:03:21 | INFO | [PAPER] Price: 90,967.8 | Balance: 100.00 USDT | Pos: None | ATR: 516.60
2026-01-09 12:03:31 | INFO | [PAPER] Price: 90,967.8 | Balance: 100.00 USDT | Pos: None | ATR: 516.60
2026-01-09 12:03:41 | INFO | [PAPER] Price: 90,983.4 | Balance: 100.00 USDT | Pos: None | ATR: 516.60
2026-01-09 12:03:52 | INFO | [PAPER] Price: 90,993.0 | Balance: 100.00 USDT | Pos: None | ATR: 516.60
2026-01-09 12:04:02 | INFO | [PAPER] Price: 90,972.1 | Balance: 100.00 USDT | Pos: None | ATR: 516.60
2026-01-09 12:04:12 | INFO | [PAPER] Price: 90,968.3 | Balance: 100.00 USDT | Pos: None | ATR: 516.60
2026-01-09 12:04:22 | INFO | [PAPER] Price: 90,968.3 | Balance: 100.00 USDT | Pos: None | ATR: 516.60
2026-01-09 12:04:32 | INFO | [PAPER] Price: 90,986.1 | Balance: 100.00 USDT | Pos: None | ATR: 516.60
2026-01-09 12:04:42 | INFO | [PAPER] Price: 91,014.5 | Balance: 100.00 USDT | Pos: None | ATR: 516.95
2026-01-09 12:04:53 | INFO | [PAPER] Price: 91,027.5 | Balance: 100.00 USDT | Pos: None | ATR: 519.90
2026-01-09 12:05:03 | INFO | [PAPER] Price: 91,032.9 | Balance: 100.00 USDT | Pos: None | ATR: 519.90
2026-01-09 12:05:13 | INFO | [PAPER] Price: 91,026.1 | Balance: 100.00 USDT | Pos: None | ATR: 519.90
2026-01-09 12:05:23 | INFO | [PAPER] Price: 91,024.1 | Balance: 100.00 USDT | Pos: None | ATR: 519.90
2026-01-09 12:05:33 | INFO | [PAPER] Price: 91,012.7 | Balance: 100.00 USDT | Pos: None | ATR: 519.90
2026-01-09 12:05:43 | INFO | [PAPER] Price: 91,011.9 | Balance: 100.00 USDT | Pos: None | ATR: 519.90
2026-01-09 12:05:53 | INFO | [PAPER] Price: 91,012.0 | Balance: 100.00 USDT | Pos: None | ATR: 519.90
2026-01-09 12:06:03 | INFO | [PAPER] Price: 91,012.0 | Balance: 100.00 USDT | Pos: None | ATR: 519.90
2026-01-09 12:06:14 | INFO | [PAPER] Price: 91,052.3 | Balance: 100.00 USDT | Pos: None | ATR: 519.90
2026-01-09 12:06:24 | INFO | [PAPER] Price: 91,069.2 | Balance: 100.00 USDT | Pos: None | ATR: 523.62
2026-01-09 12:06:34 | INFO | [PAPER] Price: 91,073.6 | Balance: 100.00 USDT | Pos: None | ATR: 523.62
2026-01-09 12:06:44 | INFO | [PAPER] Price: 91,089.2 | Balance: 100.00 USDT | Pos: None | ATR: 523.62
2026-01-09 12:06:54 | INFO | [PAPER] Price: 91,079.8 | Balance: 100.00 USDT | Pos: None | ATR: 523.62
2026-01-09 12:07:05 | INFO | Dynamic config loaded into strategy: {'leverage': 1.0, 'adx_trending_min': 30, 'adx_ranging_max': 15, 'trend_sl_atr': 1.5, 'range_sl_atr': 1.0, 'session_start_hour': 0, 'session_end_hour': 23}
2026-01-09 12:07:05 | INFO | Bot starting main loop...
2026-01-09 12:07:06 | INFO | [PAPER] Price: 91,068.6 | Balance: 100.00 USDT | Pos: None | ATR: 523.62
2026-01-09 12:07:16 | INFO | [PAPER] Price: 91,079.3 | Balance: 100.00 USDT | Pos: None | ATR: 523.62
2026-01-09 12:07:26 | INFO | [PAPER] Price: 91,074.4 | Balance: 100.00 USDT | Pos: None | ATR: 523.62
2026-01-09 12:07:36 | INFO | [PAPER] Price: 91,074.3 | Balance: 100.00 USDT | Pos: None | ATR: 523.62
2026-01-09 12:07:46 | INFO | [PAPER] Price: 91,056.4 | Balance: 100.00 USDT | Pos: None | ATR: 523.62
2026-01-09 12:07:56 | INFO | [PAPER] Price: 91,070.0 | Balance: 100.00 USDT | Pos: None | ATR: 523.62
2026-01-09 12:08:06 | INFO | [PAPER] Price: 91,099.3 | Balance: 100.00 USDT | Pos: None | ATR: 523.62
2026-01-09 12:08:17 | INFO | [PAPER] Price: 91,117.4 | Balance: 100.00 USDT | Pos: None | ATR: 524.68
2026-01-09 12:08:27 | INFO | [PAPER] Price: 91,130.4 | Balance: 100.00 USDT | Pos: None | ATR: 525.93
2026-01-09 12:08:37 | INFO | [PAPER] Price: 91,118.8 | Balance: 100.00 USDT | Pos: None | ATR: 525.93
2026-01-09 12:08:47 | INFO | [PAPER] Price: 91,118.8 | Balance: 100.00 USDT | Pos: None | ATR: 525.93
2026-01-09 12:08:57 | INFO | [PAPER] Price: 91,124.6 | Balance: 100.00 USDT | Pos: None | ATR: 525.93
2026-01-09 12:09:07 | INFO | [PAPER] Price: 91,124.6 | Balance: 100.00 USDT | Pos: None | ATR: 525.93
2026-01-09 12:09:17 | INFO | [PAPER] Price: 91,116.0 | Balance: 100.00 USDT | Pos: None | ATR: 525.93
2026-01-09 12:09:27 | INFO | [PAPER] Price: 91,100.2 | Balance: 100.00 USDT | Pos: None | ATR: 525.93
2026-01-09 12:09:38 | INFO | [PAPER] Price: 91,100.1 | Balance: 100.00 USDT | Pos: None | ATR: 525.93
2026-01-09 12:09:48 | INFO | [PAPER] Price: 91,084.2 | Balance: 100.00 USDT | Pos: None | ATR: 525.93
2026-01-09 12:09:58 | INFO | [PAPER] Price: 91,086.4 | Balance: 100.00 USDT | Pos: None | ATR: 525.93
2026-01-09 12:10:08 | INFO | [PAPER] Price: 91,090.8 | Balance: 100.00 USDT | Pos: None | ATR: 525.93
2026-01-09 12:10:18 | INFO | [PAPER] Price: 91,091.9 | Balance: 100.00 USDT | Pos: None | ATR: 525.93
2026-01-09 12:10:28 | INFO | [PAPER] Price: 91,116.1 | Balance: 100.00 USDT | Pos: None | ATR: 525.93
2026-01-09 12:10:38 | INFO | [PAPER] Price: 91,162.7 | Balance: 100.00 USDT | Pos: None | ATR: 527.53
2026-01-09 12:10:48 | INFO | [PAPER] Price: 91,156.5 | Balance: 100.00 USDT | Pos: None | ATR: 527.54
2026-01-09 12:10:59 | INFO | [PAPER] Price: 91,163.3 | Balance: 100.00 USDT | Pos: None | ATR: 527.58
2026-01-09 12:11:09 | INFO | [PAPER] Price: 91,159.5 | Balance: 100.00 USDT | Pos: None | ATR: 528.46
2026-01-09 12:11:19 | INFO | [PAPER] Price: 91,154.7 | Balance: 100.00 USDT | Pos: None | ATR: 528.46
2026-01-09 12:11:29 | INFO | [PAPER] Price: 91,154.8 | Balance: 100.00 USDT | Pos: None | ATR: 528.46
2026-01-09 12:11:39 | INFO | [PAPER] Price: 91,153.2 | Balance: 100.00 USDT | Pos: None | ATR: 528.46
2026-01-09 12:11:49 | INFO | [PAPER] Price: 91,140.5 | Balance: 100.00 USDT | Pos: None | ATR: 528.46
2026-01-09 12:11:59 | INFO | [PAPER] Price: 91,134.9 | Balance: 100.00 USDT | Pos: None | ATR: 528.46
2026-01-09 12:12:10 | INFO | [PAPER] Price: 91,153.8 | Balance: 100.00 USDT | Pos: None | ATR: 528.46
2026-01-09 12:12:20 | INFO | [PAPER] Price: 91,126.0 | Balance: 100.00 USDT | Pos: None | ATR: 528.46
2026-01-09 12:12:30 | INFO | [PAPER] Price: 91,136.3 | Balance: 100.00 USDT | Pos: None | ATR: 528.46
2026-01-09 12:12:40 | INFO | [PAPER] Price: 91,136.4 | Balance: 100.00 USDT | Pos: None | ATR: 528.46
2026-01-09 12:12:50 | INFO | [PAPER] Price: 91,130.0 | Balance: 100.00 USDT | Pos: None | ATR: 528.46
2026-01-09 12:13:00 | INFO | [PAPER] Price: 91,130.0 | Balance: 100.00 USDT | Pos: None | ATR: 528.46
2026-01-09 12:13:10 | INFO | [PAPER] Price: 91,139.8 | Balance: 100.00 USDT | Pos: None | ATR: 528.46
2026-01-09 12:13:20 | INFO | [PAPER] Price: 91,130.1 | Balance: 100.00 USDT | Pos: None | ATR: 528.46
2026-01-09 12:13:31 | INFO | [PAPER] Price: 91,118.8 | Balance: 100.00 USDT | Pos: None | ATR: 528.46
2026-01-09 12:13:41 | INFO | [PAPER] Price: 91,113.8 | Balance: 100.00 USDT | Pos: None | ATR: 528.46
2026-01-09 12:13:51 | INFO | [PAPER] Price: 91,102.7 | Balance: 100.00 USDT | Pos: None | ATR: 528.46
2026-01-09 12:14:01 | INFO | [PAPER] Price: 91,111.0 | Balance: 100.00 USDT | Pos: None | ATR: 528.46
2026-01-09 12:14:11 | INFO | [PAPER] Price: 91,110.9 | Balance: 100.00 USDT | Pos: None | ATR: 528.46
2026-01-09 12:14:21 | INFO | [PAPER] Price: 91,110.9 | Balance: 100.00 USDT | Pos: None | ATR: 528.46
2026-01-09 12:14:31 | INFO | [PAPER] Price: 91,111.0 | Balance: 100.00 USDT | Pos: None | ATR: 528.46
2026-01-09 12:14:41 | INFO | [PAPER] Price: 91,111.0 | Balance: 100.00 USDT | Pos: None | ATR: 528.46
2026-01-09 12:14:52 | INFO | [PAPER] Price: 91,111.0 | Balance: 100.00 USDT | Pos: None | ATR: 528.46
2026-01-09 12:15:02 | INFO | [PAPER] Price: 91,110.9 | Balance: 100.00 USDT | Pos: None | ATR: 528.46
2026-01-09 12:15:12 | INFO | [PAPER] Price: 91,110.9 | Balance: 100.00 USDT | Pos: None | ATR: 528.46
2026-01-09 12:15:22 | INFO | [PAPER] Price: 91,089.1 | Balance: 100.00 USDT | Pos: None | ATR: 528.46
2026-01-09 12:15:33 | INFO | [PAPER] Price: 91,089.2 | Balance: 100.00 USDT | Pos: None | ATR: 528.46
2026-01-09 12:15:43 | INFO | [PAPER] Price: 91,094.5 | Balance: 100.00 USDT | Pos: None | ATR: 528.46
2026-01-09 12:15:53 | INFO | [PAPER] Price: 91,092.2 | Balance: 100.00 USDT | Pos: None | ATR: 528.46
2026-01-09 12:16:03 | INFO | [PAPER] Price: 91,083.4 | Balance: 100.00 USDT | Pos: None | ATR: 528.46
2026-01-09 12:16:13 | INFO | [PAPER] Price: 91,102.1 | Balance: 100.00 USDT | Pos: None | ATR: 528.46
2026-01-09 12:16:23 | INFO | [PAPER] Price: 91,102.2 | Balance: 100.00 USDT | Pos: None | ATR: 528.46
2026-01-09 12:16:34 | INFO | [PAPER] Price: 91,110.7 | Balance: 100.00 USDT | Pos: None | ATR: 528.46
2026-01-09 12:16:44 | INFO | [PAPER] Price: 91,125.5 | Balance: 100.00 USDT | Pos: None | ATR: 528.46
2026-01-09 12:16:54 | INFO | [PAPER] Price: 91,125.4 | Balance: 100.00 USDT | Pos: None | ATR: 528.46
2026-01-09 12:17:04 | INFO | [PAPER] Price: 91,125.5 | Balance: 100.00 USDT | Pos: None | ATR: 528.46
2026-01-09 12:17:14 | INFO | [PAPER] Price: 91,125.5 | Balance: 100.00 USDT | Pos: None | ATR: 528.46
2026-01-09 12:17:24 | INFO | [PAPER] Price: 91,096.8 | Balance: 100.00 USDT | Pos: None | ATR: 528.46
2026-01-09 12:17:34 | INFO | [PAPER] Price: 91,096.8 | Balance: 100.00 USDT | Pos: None | ATR: 528.46
2026-01-09 12:17:45 | INFO | [PAPER] Price: 91,087.8 | Balance: 100.00 USDT | Pos: None | ATR: 528.46
2026-01-09 12:17:55 | INFO | [PAPER] Price: 91,077.0 | Balance: 100.00 USDT | Pos: None | ATR: 528.46
2026-01-09 12:18:05 | INFO | [PAPER] Price: 91,085.9 | Balance: 100.00 USDT | Pos: None | ATR: 528.46
2026-01-09 12:18:15 | INFO | [PAPER] Price: 91,086.0 | Balance: 100.00 USDT | Pos: None | ATR: 528.46
2026-01-09 12:18:25 | INFO | [PAPER] Price: 91,086.0 | Balance: 100.00 USDT | Pos: None | ATR: 528.46
2026-01-09 12:18:35 | INFO | [PAPER] Price: 91,084.1 | Balance: 100.00 USDT | Pos: None | ATR: 528.46
2026-01-09 12:18:45 | INFO | [PAPER] Price: 91,071.8 | Balance: 100.00 USDT | Pos: None | ATR: 528.46
2026-01-09 12:18:55 | INFO | [PAPER] Price: 91,066.4 | Balance: 100.00 USDT | Pos: None | ATR: 528.46
2026-01-09 12:19:06 | INFO | [PAPER] Price: 91,055.3 | Balance: 100.00 USDT | Pos: None | ATR: 528.46
2026-01-09 12:19:16 | INFO | [PAPER] Price: 91,055.3 | Balance: 100.00 USDT | Pos: None | ATR: 528.46
2026-01-09 12:19:26 | INFO | [PAPER] Price: 91,065.3 | Balance: 100.00 USDT | Pos: None | ATR: 528.46
2026-01-09 12:19:36 | INFO | [PAPER] Price: 91,095.2 | Balance: 100.00 USDT | Pos: None | ATR: 528.46
2026-01-09 12:19:46 | INFO | [PAPER] Price: 91,132.3 | Balance: 100.00 USDT | Pos: None | ATR: 528.46
2026-01-09 12:19:57 | INFO | [PAPER] Price: 91,131.9 | Balance: 100.00 USDT | Pos: None | ATR: 528.46
2026-01-09 12:20:07 | INFO | [PAPER] Price: 91,149.9 | Balance: 100.00 USDT | Pos: None | ATR: 528.46
2026-01-09 12:20:17 | INFO | [PAPER] Price: 91,185.1 | Balance: 100.00 USDT | Pos: None | ATR: 529.42
2026-01-09 12:20:27 | INFO | [PAPER] Price: 91,207.0 | Balance: 100.00 USDT | Pos: None | ATR: 530.70
2026-01-09 12:20:37 | INFO | [PAPER] Price: 91,173.8 | Balance: 100.00 USDT | Pos: None | ATR: 531.66
2026-01-09 12:20:47 | INFO | [PAPER] Price: 91,163.6 | Balance: 100.00 USDT | Pos: None | ATR: 531.66
2026-01-09 12:20:58 | INFO | [PAPER] Price: 91,163.6 | Balance: 100.00 USDT | Pos: None | ATR: 531.66
2026-01-09 12:21:08 | INFO | [PAPER] Price: 91,165.9 | Balance: 100.00 USDT | Pos: None | ATR: 531.66
2026-01-09 12:21:18 | INFO | [PAPER] Price: 91,137.9 | Balance: 100.00 USDT | Pos: None | ATR: 531.66
2026-01-09 12:21:28 | INFO | [PAPER] Price: 91,137.9 | Balance: 100.00 USDT | Pos: None | ATR: 531.66
2026-01-09 12:21:38 | INFO | [PAPER] Price: 91,146.3 | Balance: 100.00 USDT | Pos: None | ATR: 531.66
2026-01-09 12:21:48 | INFO | [PAPER] Price: 91,146.2 | Balance: 100.00 USDT | Pos: None | ATR: 531.66
2026-01-09 12:21:58 | INFO | [PAPER] Price: 91,146.3 | Balance: 100.00 USDT | Pos: None | ATR: 531.66
2026-01-09 12:22:09 | INFO | [PAPER] Price: 91,137.9 | Balance: 100.00 USDT | Pos: None | ATR: 531.66
2026-01-09 12:22:19 | INFO | [PAPER] Price: 91,130.1 | Balance: 100.00 USDT | Pos: None | ATR: 531.66
2026-01-09 12:22:29 | INFO | [PAPER] Price: 91,113.4 | Balance: 100.00 USDT | Pos: None | ATR: 531.66
2026-01-09 12:22:39 | INFO | [PAPER] Price: 91,113.4 | Balance: 100.00 USDT | Pos: None | ATR: 531.66
2026-01-09 12:22:49 | INFO | [PAPER] Price: 91,130.4 | Balance: 100.00 USDT | Pos: None | ATR: 531.66
2026-01-09 12:22:59 | INFO | [PAPER] Price: 91,130.4 | Balance: 100.00 USDT | Pos: None | ATR: 531.66
2026-01-09 12:23:10 | INFO | [PAPER] Price: 91,118.2 | Balance: 100.00 USDT | Pos: None | ATR: 531.66
2026-01-09 12:23:20 | INFO | [PAPER] Price: 91,112.5 | Balance: 100.00 USDT | Pos: None | ATR: 531.66
2026-01-09 12:23:30 | INFO | [PAPER] Price: 91,104.7 | Balance: 100.00 USDT | Pos: None | ATR: 531.66
2026-01-09 12:23:40 | INFO | [PAPER] Price: 91,104.7 | Balance: 100.00 USDT | Pos: None | ATR: 531.66
2026-01-09 12:23:50 | INFO | [PAPER] Price: 91,104.6 | Balance: 100.00 USDT | Pos: None | ATR: 531.66
2026-01-09 12:24:01 | INFO | [PAPER] Price: 91,104.6 | Balance: 100.00 USDT | Pos: None | ATR: 531.66
2026-01-09 12:24:11 | INFO | [PAPER] Price: 91,067.7 | Balance: 100.00 USDT | Pos: None | ATR: 531.66
2026-01-09 12:24:21 | INFO | [PAPER] Price: 91,037.7 | Balance: 100.00 USDT | Pos: None | ATR: 531.66
2026-01-09 12:24:31 | INFO | [PAPER] Price: 91,037.6 | Balance: 100.00 USDT | Pos: None | ATR: 531.66
2026-01-09 12:24:41 | INFO | [PAPER] Price: 91,037.6 | Balance: 100.00 USDT | Pos: None | ATR: 531.66
2026-01-09 12:24:51 | INFO | [PAPER] Price: 91,048.0 | Balance: 100.00 USDT | Pos: None | ATR: 531.66
2026-01-09 12:25:02 | INFO | [PAPER] Price: 91,024.5 | Balance: 100.00 USDT | Pos: None | ATR: 531.66
2026-01-09 12:25:12 | INFO | [PAPER] Price: 91,024.5 | Balance: 100.00 USDT | Pos: None | ATR: 531.66
2026-01-09 12:25:22 | INFO | [PAPER] Price: 91,023.9 | Balance: 100.00 USDT | Pos: None | ATR: 531.66
2026-01-09 12:25:32 | INFO | [PAPER] Price: 91,022.9 | Balance: 100.00 USDT | Pos: None | ATR: 531.66
2026-01-09 12:25:42 | INFO | [PAPER] Price: 91,011.2 | Balance: 100.00 USDT | Pos: None | ATR: 531.66
2026-01-09 12:25:52 | INFO | [PAPER] Price: 91,011.2 | Balance: 100.00 USDT | Pos: None | ATR: 531.66
2026-01-09 12:26:02 | INFO | [PAPER] Price: 91,011.2 | Balance: 100.00 USDT | Pos: None | ATR: 531.66
2026-01-09 12:26:13 | INFO | [PAPER] Price: 91,019.3 | Balance: 100.00 USDT | Pos: None | ATR: 531.66
2026-01-09 12:26:23 | INFO | [PAPER] Price: 91,021.9 | Balance: 100.00 USDT | Pos: None | ATR: 531.66
2026-01-09 12:26:33 | INFO | [PAPER] Price: 91,018.0 | Balance: 100.00 USDT | Pos: None | ATR: 531.66
2026-01-09 12:26:43 | INFO | [PAPER] Price: 91,012.9 | Balance: 100.00 USDT | Pos: None | ATR: 531.66
2026-01-09 12:26:53 | INFO | [PAPER] Price: 91,012.9 | Balance: 100.00 USDT | Pos: None | ATR: 531.66
2026-01-09 12:27:03 | INFO | [PAPER] Price: 91,003.4 | Balance: 100.00 USDT | Pos: None | ATR: 531.66
2026-01-09 12:27:13 | INFO | [PAPER] Price: 90,941.6 | Balance: 100.00 USDT | Pos: None | ATR: 531.66
2026-01-09 12:27:24 | INFO | [PAPER] Price: 90,920.2 | Balance: 100.00 USDT | Pos: None | ATR: 531.91
2026-01-09 12:27:34 | INFO | [PAPER] Price: 90,944.1 | Balance: 100.00 USDT | Pos: None | ATR: 531.91
2026-01-09 12:27:44 | INFO | [PAPER] Price: 90,944.1 | Balance: 100.00 USDT | Pos: None | ATR: 531.91
2026-01-09 12:27:54 | INFO | [PAPER] Price: 90,971.9 | Balance: 100.00 USDT | Pos: None | ATR: 531.91
2026-01-09 12:28:04 | INFO | [PAPER] Price: 90,971.8 | Balance: 100.00 USDT | Pos: None | ATR: 531.91
2026-01-09 12:28:14 | INFO | [PAPER] Price: 90,971.8 | Balance: 100.00 USDT | Pos: None | ATR: 531.91
2026-01-09 12:28:24 | INFO | [PAPER] Price: 90,971.8 | Balance: 100.00 USDT | Pos: None | ATR: 531.91
2026-01-09 12:28:35 | INFO | [PAPER] Price: 90,971.9 | Balance: 100.00 USDT | Pos: None | ATR: 531.91
2026-01-09 12:28:45 | INFO | [PAPER] Price: 90,972.0 | Balance: 100.00 USDT | Pos: None | ATR: 531.91
2026-01-09 12:28:55 | INFO | [PAPER] Price: 90,985.0 | Balance: 100.00 USDT | Pos: None | ATR: 531.91
2026-01-09 12:29:05 | INFO | [PAPER] Price: 90,985.1 | Balance: 100.00 USDT | Pos: None | ATR: 531.91
2026-01-09 12:29:15 | INFO | [PAPER] Price: 90,985.0 | Balance: 100.00 USDT | Pos: None | ATR: 531.91
2026-01-09 12:29:26 | INFO | [PAPER] Price: 90,985.1 | Balance: 100.00 USDT | Pos: None | ATR: 531.91
2026-01-09 12:29:36 | INFO | [PAPER] Price: 90,994.3 | Balance: 100.00 USDT | Pos: None | ATR: 531.91
2026-01-09 12:29:46 | INFO | [PAPER] Price: 90,994.0 | Balance: 100.00 USDT | Pos: None | ATR: 531.91
2026-01-09 12:29:56 | INFO | [PAPER] Price: 90,985.1 | Balance: 100.00 USDT | Pos: None | ATR: 531.91
2026-01-09 12:30:06 | INFO | [PAPER] Price: 90,985.0 | Balance: 100.00 USDT | Pos: None | ATR: 531.91
2026-01-09 12:30:16 | INFO | [PAPER] Price: 90,985.0 | Balance: 100.00 USDT | Pos: None | ATR: 531.91
2026-01-09 12:30:26 | INFO | [PAPER] Price: 90,985.0 | Balance: 100.00 USDT | Pos: None | ATR: 531.91
2026-01-09 12:30:37 | INFO | [PAPER] Price: 90,956.8 | Balance: 100.00 USDT | Pos: None | ATR: 531.91
2026-01-09 12:30:47 | INFO | [PAPER] Price: 90,956.8 | Balance: 100.00 USDT | Pos: None | ATR: 531.91
2026-01-09 12:30:57 | INFO | [PAPER] Price: 90,948.0 | Balance: 100.00 USDT | Pos: None | ATR: 531.91
2026-01-09 12:31:07 | INFO | [PAPER] Price: 90,933.9 | Balance: 100.00 USDT | Pos: None | ATR: 531.91
2026-01-09 12:31:17 | INFO | [PAPER] Price: 90,948.4 | Balance: 100.00 USDT | Pos: None | ATR: 531.91
2026-01-09 12:31:27 | INFO | [PAPER] Price: 90,965.2 | Balance: 100.00 USDT | Pos: None | ATR: 531.91
2026-01-09 12:31:38 | INFO | [PAPER] Price: 90,987.2 | Balance: 100.00 USDT | Pos: None | ATR: 531.91
2026-01-09 12:31:48 | INFO | [PAPER] Price: 90,987.1 | Balance: 100.00 USDT | Pos: None | ATR: 531.91
2026-01-09 12:31:58 | INFO | [PAPER] Price: 90,991.1 | Balance: 100.00 USDT | Pos: None | ATR: 531.91
2026-01-09 12:32:08 | INFO | [PAPER] Price: 90,987.6 | Balance: 100.00 USDT | Pos: None | ATR: 531.91
2026-01-09 12:32:18 | INFO | [PAPER] Price: 90,987.4 | Balance: 100.00 USDT | Pos: None | ATR: 531.91
2026-01-09 12:32:28 | INFO | [PAPER] Price: 90,990.9 | Balance: 100.00 USDT | Pos: None | ATR: 531.91
2026-01-09 12:32:38 | INFO | [PAPER] Price: 90,999.6 | Balance: 100.00 USDT | Pos: None | ATR: 531.91
2026-01-09 12:32:48 | INFO | [PAPER] Price: 90,999.9 | Balance: 100.00 USDT | Pos: None | ATR: 531.91
2026-01-09 12:32:59 | INFO | [PAPER] Price: 90,999.9 | Balance: 100.00 USDT | Pos: None | ATR: 531.91
2026-01-09 12:33:09 | INFO | [PAPER] Price: 91,020.2 | Balance: 100.00 USDT | Pos: None | ATR: 531.91
2026-01-09 12:33:19 | INFO | [PAPER] Price: 91,020.0 | Balance: 100.00 USDT | Pos: None | ATR: 531.91
2026-01-09 12:33:29 | INFO | [PAPER] Price: 91,020.1 | Balance: 100.00 USDT | Pos: None | ATR: 531.91
2026-01-09 12:33:39 | INFO | [PAPER] Price: 91,020.0 | Balance: 100.00 USDT | Pos: None | ATR: 531.91
2026-01-09 12:33:49 | INFO | [PAPER] Price: 91,022.2 | Balance: 100.00 USDT | Pos: None | ATR: 531.91
2026-01-09 12:34:00 | INFO | [PAPER] Price: 91,021.0 | Balance: 100.00 USDT | Pos: None | ATR: 531.91
2026-01-09 12:34:10 | INFO | [PAPER] Price: 91,014.5 | Balance: 100.00 USDT | Pos: None | ATR: 531.91
2026-01-09 12:34:20 | INFO | [PAPER] Price: 91,009.2 | Balance: 100.00 USDT | Pos: None | ATR: 531.91
2026-01-09 12:34:30 | INFO | [PAPER] Price: 91,002.8 | Balance: 100.00 USDT | Pos: None | ATR: 531.91
2026-01-09 12:34:40 | INFO | [PAPER] Price: 91,002.8 | Balance: 100.00 USDT | Pos: None | ATR: 531.91
2026-01-09 12:34:50 | INFO | [PAPER] Price: 91,013.2 | Balance: 100.00 USDT | Pos: None | ATR: 531.91
2026-01-09 12:35:00 | INFO | [PAPER] Price: 91,026.0 | Balance: 100.00 USDT | Pos: None | ATR: 531.91
2026-01-09 12:35:11 | INFO | [PAPER] Price: 91,029.4 | Balance: 100.00 USDT | Pos: None | ATR: 531.91
2026-01-09 12:35:21 | INFO | [PAPER] Price: 91,037.5 | Balance: 100.00 USDT | Pos: None | ATR: 531.91
2026-01-09 12:35:31 | INFO | [PAPER] Price: 91,049.7 | Balance: 100.00 USDT | Pos: None | ATR: 531.91
2026-01-09 12:35:41 | INFO | [PAPER] Price: 91,086.2 | Balance: 100.00 USDT | Pos: None | ATR: 531.91
2026-01-09 12:35:51 | INFO | [PAPER] Price: 91,100.0 | Balance: 100.00 USDT | Pos: None | ATR: 531.91
2026-01-09 12:36:01 | INFO | [PAPER] Price: 91,092.8 | Balance: 100.00 USDT | Pos: None | ATR: 531.91
2026-01-09 12:36:11 | INFO | [PAPER] Price: 91,111.1 | Balance: 100.00 USDT | Pos: None | ATR: 531.91
2026-01-09 12:36:21 | INFO | [PAPER] Price: 91,146.2 | Balance: 100.00 USDT | Pos: None | ATR: 531.91
2026-01-09 12:36:32 | INFO | [PAPER] Price: 91,163.2 | Balance: 100.00 USDT | Pos: None | ATR: 531.91
2026-01-09 12:36:42 | INFO | [PAPER] Price: 91,155.8 | Balance: 100.00 USDT | Pos: None | ATR: 531.91
2026-01-09 12:36:52 | INFO | [PAPER] Price: 91,158.5 | Balance: 100.00 USDT | Pos: None | ATR: 531.91
2026-01-09 12:37:02 | INFO | [PAPER] Price: 91,191.4 | Balance: 100.00 USDT | Pos: None | ATR: 531.91
2026-01-09 12:37:12 | INFO | [PAPER] Price: 91,184.6 | Balance: 100.00 USDT | Pos: None | ATR: 531.91
2026-01-09 12:37:22 | INFO | [PAPER] Price: 91,161.9 | Balance: 100.00 USDT | Pos: None | ATR: 531.91
2026-01-09 12:37:33 | INFO | [PAPER] Price: 91,184.0 | Balance: 100.00 USDT | Pos: None | ATR: 531.91
2026-01-09 12:37:43 | INFO | [PAPER] Price: 91,177.8 | Balance: 100.00 USDT | Pos: None | ATR: 531.91
2026-01-09 12:37:53 | INFO | [PAPER] Price: 91,169.8 | Balance: 100.00 USDT | Pos: None | ATR: 531.91
2026-01-09 12:38:03 | INFO | [PAPER] Price: 91,171.7 | Balance: 100.00 USDT | Pos: None | ATR: 531.91
2026-01-09 12:38:13 | INFO | [PAPER] Price: 91,176.5 | Balance: 100.00 USDT | Pos: None | ATR: 531.91
2026-01-09 12:38:24 | INFO | [PAPER] Price: 91,191.3 | Balance: 100.00 USDT | Pos: None | ATR: 531.91
2026-01-09 12:38:34 | INFO | [PAPER] Price: 91,173.6 | Balance: 100.00 USDT | Pos: None | ATR: 531.91
2026-01-09 12:38:45 | INFO | [PAPER] Price: 91,169.4 | Balance: 100.00 USDT | Pos: None | ATR: 531.91
2026-01-09 12:38:55 | INFO | [PAPER] Price: 91,175.8 | Balance: 100.00 USDT | Pos: None | ATR: 531.91
2026-01-09 12:39:05 | INFO | [PAPER] Price: 91,183.8 | Balance: 100.00 USDT | Pos: None | ATR: 531.91
2026-01-09 12:39:15 | INFO | [PAPER] Price: 91,178.9 | Balance: 100.00 USDT | Pos: None | ATR: 531.91
2026-01-09 12:39:26 | INFO | [PAPER] Price: 91,187.8 | Balance: 100.00 USDT | Pos: None | ATR: 531.91
2026-01-09 12:39:36 | INFO | [PAPER] Price: 91,189.0 | Balance: 100.00 USDT | Pos: None | ATR: 531.91
2026-01-09 12:39:46 | INFO | [PAPER] Price: 91,179.1 | Balance: 100.00 USDT | Pos: None | ATR: 531.91
2026-01-09 12:39:56 | INFO | [PAPER] Price: 91,188.4 | Balance: 100.00 USDT | Pos: None | ATR: 531.91
2026-01-09 12:40:07 | INFO | [PAPER] Price: 91,188.5 | Balance: 100.00 USDT | Pos: None | ATR: 531.91
2026-01-09 12:40:17 | INFO | [PAPER] Price: 91,203.9 | Balance: 100.00 USDT | Pos: None | ATR: 531.91
2026-01-09 12:40:27 | INFO | [PAPER] Price: 91,193.2 | Balance: 100.00 USDT | Pos: None | ATR: 531.91
2026-01-09 12:40:37 | INFO | [PAPER] Price: 91,193.2 | Balance: 100.00 USDT | Pos: None | ATR: 531.91
2026-01-09 12:40:47 | INFO | [PAPER] Price: 91,193.3 | Balance: 100.00 USDT | Pos: None | ATR: 531.91
2026-01-09 12:40:57 | INFO | [PAPER] Price: 91,175.6 | Balance: 100.00 USDT | Pos: None | ATR: 531.91
2026-01-09 12:41:07 | INFO | [PAPER] Price: 91,170.7 | Balance: 100.00 USDT | Pos: None | ATR: 531.91
2026-01-09 12:41:17 | INFO | [PAPER] Price: 91,160.0 | Balance: 100.00 USDT | Pos: None | ATR: 531.91
2026-01-09 12:41:28 | INFO | [PAPER] Price: 91,146.6 | Balance: 100.00 USDT | Pos: None | ATR: 531.91
2026-01-09 12:41:38 | INFO | [PAPER] Price: 91,146.6 | Balance: 100.00 USDT | Pos: None | ATR: 531.91
2026-01-09 12:41:48 | INFO | [PAPER] Price: 91,128.1 | Balance: 100.00 USDT | Pos: None | ATR: 531.91
2026-01-09 12:41:58 | INFO | [PAPER] Price: 91,120.6 | Balance: 100.00 USDT | Pos: None | ATR: 531.91
2026-01-09 12:42:08 | INFO | [PAPER] Price: 91,128.1 | Balance: 100.00 USDT | Pos: None | ATR: 531.91
2026-01-09 12:42:18 | INFO | [PAPER] Price: 91,128.1 | Balance: 100.00 USDT | Pos: None | ATR: 531.91
2026-01-09 12:42:29 | INFO | [PAPER] Price: 91,128.0 | Balance: 100.00 USDT | Pos: None | ATR: 531.91
2026-01-09 12:42:39 | INFO | [PAPER] Price: 91,148.8 | Balance: 100.00 USDT | Pos: None | ATR: 531.91
2026-01-09 12:42:49 | INFO | [PAPER] Price: 91,149.3 | Balance: 100.00 USDT | Pos: None | ATR: 531.91
2026-01-09 12:42:59 | INFO | [PAPER] Price: 91,149.2 | Balance: 100.00 USDT | Pos: None | ATR: 531.91
2026-01-09 12:43:09 | INFO | [PAPER] Price: 91,149.2 | Balance: 100.00 USDT | Pos: None | ATR: 531.91
2026-01-09 12:43:19 | INFO | [PAPER] Price: 91,149.2 | Balance: 100.00 USDT | Pos: None | ATR: 531.91
2026-01-09 12:43:29 | INFO | [PAPER] Price: 91,149.3 | Balance: 100.00 USDT | Pos: None | ATR: 531.91
2026-01-09 12:43:39 | INFO | [PAPER] Price: 91,149.3 | Balance: 100.00 USDT | Pos: None | ATR: 531.91
2026-01-09 12:43:50 | INFO | [PAPER] Price: 91,149.3 | Balance: 100.00 USDT | Pos: None | ATR: 531.91
2026-01-09 12:44:00 | INFO | [PAPER] Price: 91,149.3 | Balance: 100.00 USDT | Pos: None | ATR: 531.91
2026-01-09 12:44:10 | INFO | [PAPER] Price: 91,149.2 | Balance: 100.00 USDT | Pos: None | ATR: 531.91
2026-01-09 12:44:20 | INFO | [PAPER] Price: 91,149.2 | Balance: 100.00 USDT | Pos: None | ATR: 531.91
2026-01-09 12:44:30 | INFO | [PAPER] Price: 91,149.2 | Balance: 100.00 USDT | Pos: None | ATR: 531.91
2026-01-09 12:44:40 | INFO | [PAPER] Price: 91,149.3 | Balance: 100.00 USDT | Pos: None | ATR: 531.91
2026-01-09 12:44:50 | INFO | [PAPER] Price: 91,149.9 | Balance: 100.00 USDT | Pos: None | ATR: 531.91
2026-01-09 12:44:58 | INFO | Stopping 1H Bot...
2026-01-09 12:44:58 | INFO | 1H Bot Stopped Loop.
2026-01-09 12:45:02 | INFO | Bot starting main loop...
2026-01-09 12:45:02 | INFO | [PAPER] Price: 91,145.6 | Balance: 100.00 USDT | Pos: None | ATR: 531.91
2026-01-09 12:45:12 | INFO | [PAPER] Price: 91,133.7 | Balance: 100.00 USDT | Pos: None | ATR: 531.91
2026-01-09 12:45:23 | INFO | [PAPER] Price: 91,135.8 | Balance: 100.00 USDT | Pos: None | ATR: 531.91
2026-01-09 12:45:33 | INFO | [PAPER] Price: 91,140.5 | Balance: 100.00 USDT | Pos: None | ATR: 531.91
2026-01-09 12:45:43 | INFO | [PAPER] Price: 91,140.5 | Balance: 100.00 USDT | Pos: None | ATR: 531.91
2026-01-09 12:45:53 | INFO | [PAPER] Price: 91,140.6 | Balance: 100.00 USDT | Pos: None | ATR: 531.91
2026-01-09 12:46:03 | INFO | [PAPER] Price: 91,146.3 | Balance: 100.00 USDT | Pos: None | ATR: 531.91
2026-01-09 12:46:16 | INFO | Dynamic config loaded into strategy: {'leverage': 1.0, 'adx_trending_min': 30, 'adx_ranging_max': 15, 'trend_sl_atr': 1.5, 'range_sl_atr': 1.0, 'session_start_hour': 0, 'session_end_hour': 23}
2026-01-09 12:46:16 | INFO | Bot starting main loop...
2026-01-09 12:46:18 | INFO | [PAPER] Price: 91,125.7 | Balance: 100.00 USDT | Pos: None | ATR: 531.91
2026-01-09 12:46:28 | INFO | [PAPER] Price: 91,141.5 | Balance: 100.00 USDT | Pos: None | ATR: 531.91
2026-01-09 12:46:38 | INFO | [PAPER] Price: 91,121.8 | Balance: 100.00 USDT | Pos: None | ATR: 531.91
2026-01-09 12:46:48 | INFO | [PAPER] Price: 91,181.9 | Balance: 100.00 USDT | Pos: None | ATR: 531.91
2026-01-09 12:46:58 | INFO | [PAPER] Price: 91,228.9 | Balance: 100.00 USDT | Pos: None | ATR: 532.52
2026-01-09 12:47:08 | INFO | [PAPER] Price: 91,223.6 | Balance: 100.00 USDT | Pos: None | ATR: 532.52
2026-01-09 12:47:18 | INFO | [PAPER] Price: 91,231.6 | Balance: 100.00 USDT | Pos: None | ATR: 532.91
2026-01-09 12:47:29 | INFO | [PAPER] Price: 91,230.2 | Balance: 100.00 USDT | Pos: None | ATR: 532.91
2026-01-09 12:47:39 | INFO | [PAPER] Price: 91,211.7 | Balance: 100.00 USDT | Pos: None | ATR: 532.91
2026-01-09 12:47:49 | INFO | [PAPER] Price: 91,203.0 | Balance: 100.00 USDT | Pos: None | ATR: 532.91
2026-01-09 12:47:59 | INFO | [PAPER] Price: 91,203.0 | Balance: 100.00 USDT | Pos: None | ATR: 532.91
2026-01-09 12:48:09 | INFO | [PAPER] Price: 91,218.4 | Balance: 100.00 USDT | Pos: None | ATR: 532.91
2026-01-09 12:48:19 | INFO | [PAPER] Price: 91,236.9 | Balance: 100.00 USDT | Pos: None | ATR: 533.27
2026-01-09 12:48:29 | INFO | [PAPER] Price: 91,227.0 | Balance: 100.00 USDT | Pos: None | ATR: 533.27
2026-01-09 12:48:40 | INFO | [PAPER] Price: 91,225.4 | Balance: 100.00 USDT | Pos: None | ATR: 533.27
2026-01-09 12:48:50 | INFO | [PAPER] Price: 91,208.8 | Balance: 100.00 USDT | Pos: None | ATR: 533.27
2026-01-09 12:49:00 | INFO | [PAPER] Price: 91,195.8 | Balance: 100.00 USDT | Pos: None | ATR: 533.27
2026-01-09 12:49:10 | INFO | [PAPER] Price: 91,217.8 | Balance: 100.00 USDT | Pos: None | ATR: 533.27
2026-01-09 12:49:20 | INFO | [PAPER] Price: 91,203.2 | Balance: 100.00 USDT | Pos: None | ATR: 533.27
2026-01-09 12:49:30 | INFO | [PAPER] Price: 91,209.0 | Balance: 100.00 USDT | Pos: None | ATR: 533.27
2026-01-09 12:49:40 | INFO | [PAPER] Price: 91,206.7 | Balance: 100.00 USDT | Pos: None | ATR: 533.27
2026-01-09 12:49:50 | INFO | [PAPER] Price: 91,191.3 | Balance: 100.00 USDT | Pos: None | ATR: 533.27
2026-01-09 12:50:01 | INFO | [PAPER] Price: 91,184.8 | Balance: 100.00 USDT | Pos: None | ATR: 533.27
2026-01-09 12:50:11 | INFO | [PAPER] Price: 91,193.2 | Balance: 100.00 USDT | Pos: None | ATR: 533.27
2026-01-09 12:50:21 | INFO | [PAPER] Price: 91,184.9 | Balance: 100.00 USDT | Pos: None | ATR: 533.27
2026-01-09 12:50:31 | INFO | [PAPER] Price: 91,179.1 | Balance: 100.00 USDT | Pos: None | ATR: 533.27
2026-01-09 12:50:41 | INFO | [PAPER] Price: 91,179.0 | Balance: 100.00 USDT | Pos: None | ATR: 533.27
2026-01-09 12:50:51 | INFO | [PAPER] Price: 91,179.0 | Balance: 100.00 USDT | Pos: None | ATR: 533.27
2026-01-09 13:01:00 | INFO | Dynamic config loaded into strategy: {'leverage': 1.0, 'adx_trending_min': 30, 'adx_ranging_max': 15, 'trend_sl_atr': 1.5, 'range_sl_atr': 1.0, 'session_start_hour': 0, 'session_end_hour': 23}
2026-01-09 13:01:01 | INFO | Bot starting main loop...
2026-01-09 13:01:02 | INFO | [PAPER] Price: 91,196.8 | Balance: 100.00 USDT | Pos: None | ATR: 496.62
2026-01-09 13:01:12 | INFO | [PAPER] Price: 91,196.8 | Balance: 100.00 USDT | Pos: None | ATR: 496.62
2026-01-09 13:01:22 | INFO | [PAPER] Price: 91,199.3 | Balance: 100.00 USDT | Pos: None | ATR: 496.62
2026-01-09 13:01:32 | INFO | [PAPER] Price: 91,212.2 | Balance: 100.00 USDT | Pos: None | ATR: 497.25
2026-01-09 13:01:43 | INFO | [PAPER] Price: 91,212.1 | Balance: 100.00 USDT | Pos: None | ATR: 497.25
2026-01-09 13:01:53 | INFO | [PAPER] Price: 91,177.6 | Balance: 100.00 USDT | Pos: None | ATR: 497.65
2026-01-09 13:02:03 | INFO | [PAPER] Price: 91,137.7 | Balance: 100.00 USDT | Pos: None | ATR: 500.51
2026-01-09 13:02:13 | INFO | [PAPER] Price: 91,140.8 | Balance: 100.00 USDT | Pos: None | ATR: 500.51
2026-01-09 13:02:23 | INFO | [PAPER] Price: 91,140.8 | Balance: 100.00 USDT | Pos: None | ATR: 500.51
2026-01-09 13:02:33 | INFO | [PAPER] Price: 91,144.7 | Balance: 100.00 USDT | Pos: None | ATR: 500.51
2026-01-09 13:02:43 | INFO | [PAPER] Price: 91,149.5 | Balance: 100.00 USDT | Pos: None | ATR: 500.51
2026-01-09 13:02:54 | INFO | [PAPER] Price: 91,155.3 | Balance: 100.00 USDT | Pos: None | ATR: 500.51
2026-01-09 13:03:04 | INFO | [PAPER] Price: 91,163.1 | Balance: 100.00 USDT | Pos: None | ATR: 500.51
2026-01-09 13:03:14 | INFO | [PAPER] Price: 91,163.0 | Balance: 100.00 USDT | Pos: None | ATR: 500.51
2026-01-09 13:03:24 | INFO | [PAPER] Price: 91,133.4 | Balance: 100.00 USDT | Pos: None | ATR: 500.81
2026-01-09 13:03:34 | INFO | [PAPER] Price: 91,142.8 | Balance: 100.00 USDT | Pos: None | ATR: 500.81
2026-01-09 13:03:44 | INFO | [PAPER] Price: 91,139.6 | Balance: 100.00 USDT | Pos: None | ATR: 500.81
2026-01-09 13:03:55 | INFO | [PAPER] Price: 91,139.6 | Balance: 100.00 USDT | Pos: None | ATR: 500.81
2026-01-09 13:04:05 | INFO | [PAPER] Price: 91,148.3 | Balance: 100.00 USDT | Pos: None | ATR: 500.81
2026-01-09 13:04:15 | INFO | [PAPER] Price: 91,140.0 | Balance: 100.00 USDT | Pos: None | ATR: 500.81
