2026-01-09 10:41:03,548 | INFO | Starting Auto Optimization Process...
2026-01-09 10:41:03,548 | INFO | Fetching last 60 days of data for BTCUSDT (60m)...
2026-01-09 10:41:04,098 | INFO | Data fetched: 1440 rows.
2026-01-09 10:41:04,099 | INFO | Testing 108 combinations...
2026-01-09 10:41:04,099 | INFO | Progress: 0/108
2026-01-09 10:41:09,882 | INFO | Progress: 10/108
2026-01-09 10:41:13,792 | INFO | Progress: 20/108
2026-01-09 10:41:17,701 | INFO | Progress: 30/108
2026-01-09 10:41:21,596 | INFO | Progress: 40/108
2026-01-09 10:41:26,133 | INFO | Progress: 50/108
2026-01-09 10:41:30,255 | INFO | Progress: 60/108
2026-01-09 10:41:34,220 | INFO | Progress: 70/108
2026-01-09 10:41:38,378 | INFO | Progress: 80/108
2026-01-09 10:41:42,539 | INFO | Progress: 90/108
2026-01-09 10:41:46,503 | INFO | Progress: 100/108
2026-01-09 10:41:49,769 | INFO | ==================================================
2026-01-09 10:41:49,769 | INFO | BEST PARAMETERS FOUND
2026-01-09 10:41:49,769 | INFO | Score: -0.4490
2026-01-09 10:41:49,769 | INFO | Params: {'leverage': 1.0, 'adx_trending_min': 30, 'adx_ranging_max': 15, 'trend_sl_atr': 1.5, 'range_sl_atr': 1.0, 'session_start_hour': 0, 'session_end_hour': 23}
2026-01-09 10:41:49,770 | INFO | Return: -11.90%
2026-01-09 10:41:49,770 | INFO | MDD: 16.50%
2026-01-09 10:41:49,770 | INFO | ==================================================
2026-01-09 10:41:49,771 | INFO | Dynamic config saved to /home/ser1/새 폴더/btc/usdt 봇 통합관리/bybit_bot_usb(1시간-통합)/dynamic_config.json
