2026-01-09 18:56:39,221 - DEBUG - Logging configured. Log file: /home/ser1/새 폴더/btc/usdt 봇 통합관리/bybit_bot_usb(1시간-통합)/bot_1h.log
2026-01-09 18:56:39,270 - INFO - ✅ ML 모델 로드 성공
2026-01-09 18:56:39,270 - INFO - 🤖 1시간봉 최종 봇 초기화 완료 (잔고: 100)
2026-01-09 18:56:39,425 - INFO - 🚀 Bot started... Waiting for next candle.
2026-01-09 18:56:39,425 - DEBUG - Fetching data...
2026-01-09 18:56:39,425 - INFO - Paper trading mode: Fetching REAL OHLCV...
2026-01-09 18:56:42,874 - DEBUG - check_entry 호출됨. 현재 잔고: 100, 현재 포지션: 0
2026-01-09 18:56:42,920 - DEBUG - 예측된 시장 체제: 2 (BEAR), 취할 행동: short
2026-01-09 18:56:42,924 - DEBUG - 숏 모델 예측 확률: 12.54%
2026-01-09 18:56:44,080 - INFO - Paper trading mode: Fetching REAL OHLCV...
2026-01-09 18:57:44,807 - DEBUG - Fetching data...
2026-01-09 18:57:44,808 - INFO - Paper trading mode: Fetching REAL OHLCV...
2026-01-09 18:57:47,642 - DEBUG - check_entry 호출됨. 현재 잔고: 100, 현재 포지션: 0
2026-01-09 18:57:47,646 - DEBUG - 예측된 시장 체제: 2 (BEAR), 취할 행동: short
2026-01-09 18:57:47,649 - DEBUG - 숏 모델 예측 확률: 12.54%
2026-01-09 18:58:49,451 - DEBUG - Fetching data...
2026-01-09 18:58:49,451 - INFO - Paper trading mode: Fetching REAL OHLCV...
2026-01-09 18:58:51,291 - DEBUG - check_entry 호출됨. 현재 잔고: 100, 현재 포지션: 0
2026-01-09 18:58:51,296 - DEBUG - 예측된 시장 체제: 2 (BEAR), 취할 행동: short
2026-01-09 18:58:51,300 - DEBUG - 숏 모델 예측 확률: 12.54%
2026-01-09 18:59:51,048 - INFO - 🚀 Bot started... Waiting for next candle.
2026-01-09 18:59:51,050 - DEBUG - Fetching data...
2026-01-09 18:59:51,050 - INFO - Paper trading mode: Fetching REAL OHLCV...
2026-01-09 18:59:53,726 - DEBUG - check_entry 호출됨. 현재 잔고: 100, 현재 포지션: 0
2026-01-09 18:59:53,731 - DEBUG - 예측된 시장 체제: 2 (BEAR), 취할 행동: short
2026-01-09 18:59:53,733 - DEBUG - 숏 모델 예측 확률: 12.54%
2026-01-09 19:00:55,498 - DEBUG - Fetching data...
2026-01-09 19:00:55,498 - INFO - Paper trading mode: Fetching REAL OHLCV...
2026-01-09 19:00:57,642 - DEBUG - check_entry 호출됨. 현재 잔고: 100, 현재 포지션: 0
2026-01-09 19:00:57,692 - DEBUG - 예측된 시장 체제: 2 (BEAR), 취할 행동: short
2026-01-09 19:00:57,739 - DEBUG - 숏 모델 예측 확률: 13.56%
2026-01-09 19:01:59,706 - DEBUG - Fetching data...
2026-01-09 19:01:59,707 - INFO - Paper trading mode: Fetching REAL OHLCV...
2026-01-09 19:02:03,677 - DEBUG - check_entry 호출됨. 현재 잔고: 100, 현재 포지션: 0
2026-01-09 19:02:03,681 - DEBUG - 예측된 시장 체제: 2 (BEAR), 취할 행동: short
2026-01-09 19:02:03,684 - DEBUG - 숏 모델 예측 확률: 12.55%
2026-01-09 19:03:05,108 - DEBUG - Fetching data...
2026-01-09 19:03:05,108 - INFO - Paper trading mode: Fetching REAL OHLCV...
2026-01-09 19:03:07,935 - DEBUG - check_entry 호출됨. 현재 잔고: 100, 현재 포지션: 0
2026-01-09 19:03:07,939 - DEBUG - 예측된 시장 체제: 2 (BEAR), 취할 행동: short
2026-01-09 19:03:07,942 - DEBUG - 숏 모델 예측 확률: 12.55%
2026-01-09 19:03:28,095 - DEBUG - Logging configured. Log file: /home/ser1/새 폴더/btc/usdt 봇 통합관리/bybit_bot_usb(1시간-통합)/bot_1h.log
2026-01-09 19:03:28,110 - INFO - ✅ ML 모델 로드 성공
2026-01-09 19:03:28,110 - INFO - 🤖 1시간봉 최종 봇 초기화 완료 (잔고: 100)
2026-01-09 19:03:28,156 - INFO - 🚀 Bot started... Waiting for next candle.
2026-01-09 19:03:28,157 - DEBUG - Fetching data...
2026-01-09 19:03:28,158 - INFO - Paper trading mode: Fetching REAL OHLCV...
2026-01-09 19:03:31,495 - DEBUG - check_entry 호출됨. 현재 잔고: 100, 현재 포지션: 0
2026-01-09 19:03:31,516 - DEBUG - 예측된 시장 체제: 2 (BEAR), 취할 행동: short
2026-01-09 19:03:31,523 - DEBUG - 숏 모델 예측 확률: 12.55%
2026-01-09 19:03:32,722 - INFO - Paper trading mode: Fetching REAL OHLCV...
2026-01-09 19:04:32,792 - DEBUG - Fetching data...
2026-01-09 19:04:32,792 - INFO - Paper trading mode: Fetching REAL OHLCV...
2026-01-09 19:04:35,830 - DEBUG - check_entry 호출됨. 현재 잔고: 100, 현재 포지션: 0
2026-01-09 19:04:35,845 - DEBUG - 예측된 시장 체제: 2 (BEAR), 취할 행동: short
2026-01-09 19:04:35,853 - DEBUG - 숏 모델 예측 확률: 12.55%
2026-01-09 19:05:37,164 - DEBUG - Fetching data...
2026-01-09 19:05:37,164 - INFO - Paper trading mode: Fetching REAL OHLCV...
2026-01-09 19:05:38,866 - DEBUG - check_entry 호출됨. 현재 잔고: 100, 현재 포지션: 0
2026-01-09 19:05:38,870 - DEBUG - 예측된 시장 체제: 2 (BEAR), 취할 행동: short
2026-01-09 19:05:38,872 - DEBUG - 숏 모델 예측 확률: 14.64%
2026-01-09 19:06:40,192 - DEBUG - Fetching data...
2026-01-09 19:06:40,193 - INFO - Paper trading mode: Fetching REAL OHLCV...
2026-01-09 19:06:42,523 - DEBUG - check_entry 호출됨. 현재 잔고: 100, 현재 포지션: 0
2026-01-09 19:06:42,541 - DEBUG - 예측된 시장 체제: 2 (BEAR), 취할 행동: short
2026-01-09 19:06:42,549 - DEBUG - 숏 모델 예측 확률: 13.51%
2026-01-09 19:07:43,859 - DEBUG - Fetching data...
2026-01-09 19:07:43,861 - INFO - Paper trading mode: Fetching REAL OHLCV...
2026-01-09 19:07:45,339 - DEBUG - check_entry 호출됨. 현재 잔고: 100, 현재 포지션: 0
2026-01-09 19:07:45,343 - DEBUG - 예측된 시장 체제: 2 (BEAR), 취할 행동: short
2026-01-09 19:07:45,346 - DEBUG - 숏 모델 예측 확률: 13.22%
2026-01-09 19:08:18,164 - DEBUG - Logging configured. Log file: /home/ser1/새 폴더/btc/usdt 봇 통합관리/bybit_bot_usb(1시간-통합)/bot_1h.log
2026-01-09 19:08:18,185 - INFO - ✅ ML 모델 로드 성공
2026-01-09 19:08:18,185 - INFO - 🤖 1시간봉 최종 봇 초기화 완료 (잔고: 100)
2026-01-09 19:08:18,231 - INFO - 🚀 Bot started... Waiting for next candle.
2026-01-09 19:08:18,232 - DEBUG - Fetching data...
2026-01-09 19:08:18,232 - INFO - Paper trading mode: Fetching REAL OHLCV...
2026-01-09 19:08:21,152 - DEBUG - check_entry 호출됨. 현재 잔고: 100, 현재 포지션: 0
2026-01-09 19:08:21,194 - DEBUG - 예측된 시장 체제: 2 (BEAR), 취할 행동: short
2026-01-09 19:08:21,227 - DEBUG - 숏 모델 예측 확률: 13.48%
2026-01-09 19:08:23,232 - INFO - Paper trading mode: Fetching REAL OHLCV...
2026-01-09 19:08:29,829 - DEBUG - Logging configured. Log file: /home/ser1/새 폴더/btc/usdt 봇 통합관리/bybit_bot_usb(1시간-통합)/bot_1h.log
2026-01-09 19:08:29,850 - INFO - ✅ ML 모델 로드 성공
2026-01-09 19:08:29,851 - INFO - 🤖 1시간봉 최종 봇 초기화 완료 (잔고: 100)
2026-01-09 19:08:29,894 - INFO - 🚀 Bot started... Waiting for next candle.
2026-01-09 19:08:29,899 - DEBUG - Fetching data...
2026-01-09 19:08:29,901 - INFO - Paper trading mode: Fetching REAL OHLCV...
2026-01-09 19:08:33,082 - DEBUG - check_entry 호출됨. 현재 잔고: 100, 현재 포지션: 0
2026-01-09 19:08:33,120 - DEBUG - 예측된 시장 체제: 2 (BEAR), 취할 행동: short
2026-01-09 19:08:33,171 - DEBUG - 숏 모델 예측 확률: 13.48%
2026-01-09 19:08:34,940 - INFO - Paper trading mode: Fetching REAL OHLCV...
2026-01-09 19:08:41,839 - DEBUG - Logging configured. Log file: /home/ser1/새 폴더/btc/usdt 봇 통합관리/bybit_bot_usb(1시간-통합)/bot_1h.log
2026-01-09 19:08:41,860 - INFO - ✅ ML 모델 로드 성공
2026-01-09 19:08:41,860 - INFO - 🤖 1시간봉 최종 봇 초기화 완료 (잔고: 100)
2026-01-09 19:08:41,906 - INFO - 🚀 Bot started... Waiting for next candle.
2026-01-09 19:08:41,909 - DEBUG - Fetching data...
2026-01-09 19:08:41,910 - INFO - Paper trading mode: Fetching REAL OHLCV...
2026-01-09 19:08:45,952 - DEBUG - check_entry 호출됨. 현재 잔고: 100, 현재 포지션: 0
2026-01-09 19:08:45,967 - DEBUG - 예측된 시장 체제: 2 (BEAR), 취할 행동: short
2026-01-09 19:08:45,972 - DEBUG - 숏 모델 예측 확률: 13.22%
2026-01-09 19:08:46,691 - INFO - Paper trading mode: Fetching REAL OHLCV...
2026-01-09 19:08:53,293 - DEBUG - Logging configured. Log file: /home/ser1/새 폴더/btc/usdt 봇 통합관리/bybit_bot_usb(1시간-통합)/bot_1h.log
2026-01-09 19:08:53,308 - INFO - ✅ ML 모델 로드 성공
2026-01-09 19:08:53,309 - INFO - 🤖 1시간봉 최종 봇 초기화 완료 (잔고: 100)
2026-01-09 19:08:53,360 - INFO - 🚀 Bot started... Waiting for next candle.
2026-01-09 19:08:53,360 - DEBUG - Fetching data...
2026-01-09 19:08:53,369 - INFO - Paper trading mode: Fetching REAL OHLCV...
2026-01-09 19:08:57,137 - DEBUG - check_entry 호출됨. 현재 잔고: 100, 현재 포지션: 0
2026-01-09 19:08:57,146 - DEBUG - 예측된 시장 체제: 2 (BEAR), 취할 행동: short
2026-01-09 19:08:57,153 - DEBUG - 숏 모델 예측 확률: 13.22%
2026-01-09 19:08:58,139 - INFO - Paper trading mode: Fetching REAL OHLCV...
2026-01-09 19:09:58,632 - DEBUG - Fetching data...
2026-01-09 19:09:58,632 - INFO - Paper trading mode: Fetching REAL OHLCV...
2026-01-09 19:10:04,242 - DEBUG - Logging configured. Log file: /home/ser1/새 폴더/btc/usdt 봇 통합관리/bybit_bot_usb(1시간-통합)/bot_1h.log
2026-01-09 19:10:04,261 - INFO - ✅ ML 모델 로드 성공
2026-01-09 19:10:04,261 - INFO - 🤖 1시간봉 최종 봇 초기화 완료 (잔고: 100)
2026-01-09 19:10:04,310 - INFO - 🚀 Bot started... Waiting for next candle.
2026-01-09 19:10:04,312 - DEBUG - Fetching data...
2026-01-09 19:10:04,319 - INFO - Paper trading mode: Fetching REAL OHLCV...
2026-01-09 19:10:08,026 - DEBUG - check_entry 호출됨. 현재 잔고: 100, 현재 포지션: 0
2026-01-09 19:10:08,054 - DEBUG - 예측된 시장 체제: 2 (BEAR), 취할 행동: short
2026-01-09 19:10:08,070 - DEBUG - 숏 모델 예측 확률: 13.84%
2026-01-09 19:10:10,332 - INFO - Paper trading mode: Fetching REAL OHLCV...
2026-01-09 19:10:15,779 - DEBUG - Logging configured. Log file: /home/ser1/새 폴더/btc/usdt 봇 통합관리/bybit_bot_usb(1시간-통합)/bot_1h.log
2026-01-09 19:10:15,802 - INFO - ✅ ML 모델 로드 성공
2026-01-09 19:10:15,802 - INFO - 🤖 1시간봉 최종 봇 초기화 완료 (잔고: 100)
2026-01-09 19:10:15,838 - INFO - 🚀 Bot started... Waiting for next candle.
2026-01-09 19:10:15,838 - DEBUG - Fetching data...
2026-01-09 19:10:15,855 - INFO - Paper trading mode: Fetching REAL OHLCV...
2026-01-09 19:10:18,878 - DEBUG - check_entry 호출됨. 현재 잔고: 100, 현재 포지션: 0
2026-01-09 19:10:19,032 - DEBUG - 예측된 시장 체제: 2 (BEAR), 취할 행동: short
2026-01-09 19:10:19,057 - DEBUG - 숏 모델 예측 확률: 14.07%
2026-01-09 19:10:21,599 - INFO - Paper trading mode: Fetching REAL OHLCV...
2026-01-09 19:11:07,063 - DEBUG - Logging configured. Log file: /home/ser1/새 폴더/btc/usdt 봇 통합관리/bybit_bot_usb(1시간-통합)/bot_1h.log
2026-01-09 19:11:07,080 - INFO - ✅ ML 모델 로드 성공
2026-01-09 19:11:07,080 - INFO - 🤖 1시간봉 최종 봇 초기화 완료 (잔고: 100)
2026-01-09 19:11:07,129 - INFO - 🚀 Bot started... Waiting for next candle.
2026-01-09 19:11:07,130 - DEBUG - Fetching data...
2026-01-09 19:11:07,132 - INFO - Paper trading mode: Fetching REAL OHLCV...
2026-01-09 19:11:09,806 - DEBUG - check_entry 호출됨. 현재 잔고: 100, 현재 포지션: 0
2026-01-09 19:11:09,857 - DEBUG - 예측된 시장 체제: 2 (BEAR), 취할 행동: short
2026-01-09 19:11:09,956 - DEBUG - 숏 모델 예측 확률: 13.08%
2026-01-09 19:11:11,824 - INFO - Paper trading mode: Fetching REAL OHLCV...
2026-01-09 19:11:23,714 - DEBUG - Logging configured. Log file: /home/ser1/새 폴더/btc/usdt 봇 통합관리/bybit_bot_usb(1시간-통합)/bot_1h.log
2026-01-09 19:11:23,734 - INFO - ✅ ML 모델 로드 성공
2026-01-09 19:11:23,734 - INFO - 🤖 1시간봉 최종 봇 초기화 완료 (잔고: 100)
2026-01-09 19:11:23,768 - INFO - 🚀 Bot started... Waiting for next candle.
2026-01-09 19:11:23,768 - DEBUG - Fetching data...
2026-01-09 19:11:23,774 - INFO - Paper trading mode: Fetching REAL OHLCV...
2026-01-09 19:11:27,267 - DEBUG - check_entry 호출됨. 현재 잔고: 100, 현재 포지션: 0
2026-01-09 19:11:27,301 - DEBUG - 예측된 시장 체제: 2 (BEAR), 취할 행동: short
2026-01-09 19:11:27,350 - DEBUG - 숏 모델 예측 확률: 13.08%
2026-01-09 19:11:28,606 - INFO - Paper trading mode: Fetching REAL OHLCV...
2026-01-09 19:11:40,924 - DEBUG - Logging configured. Log file: /home/ser1/새 폴더/btc/usdt 봇 통합관리/bybit_bot_usb(1시간-통합)/bot_1h.log
2026-01-09 19:11:40,939 - INFO - ✅ ML 모델 로드 성공
2026-01-09 19:11:40,940 - INFO - 🤖 1시간봉 최종 봇 초기화 완료 (잔고: 100)
2026-01-09 19:11:40,986 - INFO - 🚀 Bot started... Waiting for next candle.
2026-01-09 19:11:40,988 - DEBUG - Fetching data...
2026-01-09 19:11:40,988 - INFO - Paper trading mode: Fetching REAL OHLCV...
2026-01-09 19:11:43,836 - DEBUG - check_entry 호출됨. 현재 잔고: 100, 현재 포지션: 0
2026-01-09 19:11:43,951 - DEBUG - 예측된 시장 체제: 2 (BEAR), 취할 행동: short
2026-01-09 19:11:44,020 - DEBUG - 숏 모델 예측 확률: 14.17%
2026-01-09 19:11:45,678 - INFO - Paper trading mode: Fetching REAL OHLCV...
2026-01-09 19:11:54,258 - DEBUG - Logging configured. Log file: /home/ser1/새 폴더/btc/usdt 봇 통합관리/bybit_bot_usb(1시간-통합)/bot_1h.log
2026-01-09 19:11:54,277 - INFO - ✅ ML 모델 로드 성공
2026-01-09 19:11:54,278 - INFO - 🤖 1시간봉 최종 봇 초기화 완료 (잔고: 100)
2026-01-09 19:11:54,316 - INFO - 🚀 Bot started... Waiting for next candle.
2026-01-09 19:11:54,321 - DEBUG - Fetching data...
2026-01-09 19:11:54,322 - INFO - Paper trading mode: Fetching REAL OHLCV...
2026-01-09 19:11:58,479 - DEBUG - check_entry 호출됨. 현재 잔고: 100, 현재 포지션: 0
2026-01-09 19:11:58,501 - DEBUG - 예측된 시장 체제: 2 (BEAR), 취할 행동: short
2026-01-09 19:11:58,514 - DEBUG - 숏 모델 예측 확률: 13.94%
2026-01-09 19:11:59,169 - INFO - Paper trading mode: Fetching REAL OHLCV...
2026-01-09 19:12:24,739 - DEBUG - Logging configured. Log file: /home/ser1/새 폴더/btc/usdt 봇 통합관리/bybit_bot_usb(1시간-통합)/bot_1h.log
2026-01-09 19:12:24,761 - INFO - ✅ ML 모델 로드 성공
2026-01-09 19:12:24,761 - INFO - 🤖 1시간봉 최종 봇 초기화 완료 (잔고: 100)
2026-01-09 19:12:24,816 - INFO - 🚀 Bot started... Waiting for next candle.
2026-01-09 19:12:24,816 - DEBUG - Fetching data...
2026-01-09 19:12:24,816 - INFO - Paper trading mode: Fetching REAL OHLCV...
2026-01-09 19:12:27,711 - DEBUG - check_entry 호출됨. 현재 잔고: 100, 현재 포지션: 0
2026-01-09 19:12:27,779 - DEBUG - 예측된 시장 체제: 2 (BEAR), 취할 행동: short
2026-01-09 19:12:27,800 - DEBUG - 숏 모델 예측 확률: 13.08%
2026-01-09 19:12:30,200 - INFO - Paper trading mode: Fetching REAL OHLCV...
2026-01-09 19:12:35,093 - DEBUG - Logging configured. Log file: /home/ser1/새 폴더/btc/usdt 봇 통합관리/bybit_bot_usb(1시간-통합)/bot_1h.log
2026-01-09 19:12:35,111 - INFO - ✅ ML 모델 로드 성공
2026-01-09 19:12:35,111 - INFO - 🤖 1시간봉 최종 봇 초기화 완료 (잔고: 100)
2026-01-09 19:12:35,158 - INFO - 🚀 Bot started... Waiting for next candle.
2026-01-09 19:12:35,161 - DEBUG - Fetching data...
2026-01-09 19:12:35,162 - INFO - Paper trading mode: Fetching REAL OHLCV...
2026-01-09 19:12:38,080 - DEBUG - check_entry 호출됨. 현재 잔고: 100, 현재 포지션: 0
2026-01-09 19:12:38,106 - DEBUG - 예측된 시장 체제: 2 (BEAR), 취할 행동: short
2026-01-09 19:12:38,132 - DEBUG - 숏 모델 예측 확률: 12.51%
2026-01-09 19:12:40,618 - INFO - Paper trading mode: Fetching REAL OHLCV...
2026-01-09 19:13:39,415 - DEBUG - Fetching data...
2026-01-09 19:13:39,415 - INFO - Paper trading mode: Fetching REAL OHLCV...
2026-01-09 19:13:41,235 - DEBUG - check_entry 호출됨. 현재 잔고: 100, 현재 포지션: 0
2026-01-09 19:13:41,239 - DEBUG - 예측된 시장 체제: 2 (BEAR), 취할 행동: short
2026-01-09 19:13:41,242 - DEBUG - 숏 모델 예측 확률: 13.08%
2026-01-09 19:14:42,707 - DEBUG - Fetching data...
2026-01-09 19:14:42,707 - INFO - Paper trading mode: Fetching REAL OHLCV...
2026-01-09 19:14:45,047 - DEBUG - check_entry 호출됨. 현재 잔고: 100, 현재 포지션: 0
2026-01-09 19:14:45,052 - DEBUG - 예측된 시장 체제: 2 (BEAR), 취할 행동: short
2026-01-09 19:14:45,054 - DEBUG - 숏 모델 예측 확률: 13.94%
2026-01-09 19:15:46,212 - DEBUG - Fetching data...
2026-01-09 19:15:46,212 - INFO - Paper trading mode: Fetching REAL OHLCV...
2026-01-09 19:15:48,043 - DEBUG - check_entry 호출됨. 현재 잔고: 100, 현재 포지션: 0
2026-01-09 19:15:48,046 - DEBUG - 예측된 시장 체제: 2 (BEAR), 취할 행동: short
2026-01-09 19:15:48,048 - DEBUG - 숏 모델 예측 확률: 13.82%
2026-01-09 19:16:49,206 - DEBUG - Fetching data...
2026-01-09 19:16:49,206 - INFO - Paper trading mode: Fetching REAL OHLCV...
2026-01-09 19:16:50,970 - DEBUG - check_entry 호출됨. 현재 잔고: 100, 현재 포지션: 0
2026-01-09 19:16:50,975 - DEBUG - 예측된 시장 체제: 2 (BEAR), 취할 행동: short
2026-01-09 19:16:50,977 - DEBUG - 숏 모델 예측 확률: 12.97%
2026-01-09 19:17:52,089 - DEBUG - Fetching data...
2026-01-09 19:17:52,089 - INFO - Paper trading mode: Fetching REAL OHLCV...
2026-01-09 19:17:54,124 - DEBUG - check_entry 호출됨. 현재 잔고: 100, 현재 포지션: 0
2026-01-09 19:17:54,127 - DEBUG - 예측된 시장 체제: 2 (BEAR), 취할 행동: short
2026-01-09 19:17:54,130 - DEBUG - 숏 모델 예측 확률: 12.10%
2026-01-09 19:18:55,423 - DEBUG - Fetching data...
2026-01-09 19:18:55,424 - INFO - Paper trading mode: Fetching REAL OHLCV...
2026-01-09 19:18:57,245 - DEBUG - check_entry 호출됨. 현재 잔고: 100, 현재 포지션: 0
2026-01-09 19:18:57,249 - DEBUG - 예측된 시장 체제: 2 (BEAR), 취할 행동: short
2026-01-09 19:18:57,252 - DEBUG - 숏 모델 예측 확률: 13.82%
2026-01-09 19:19:58,702 - DEBUG - Fetching data...
2026-01-09 19:19:58,702 - INFO - Paper trading mode: Fetching REAL OHLCV...
2026-01-09 19:20:00,500 - DEBUG - check_entry 호출됨. 현재 잔고: 100, 현재 포지션: 0
2026-01-09 19:20:00,504 - DEBUG - 예측된 시장 체제: 2 (BEAR), 취할 행동: short
2026-01-09 19:20:00,507 - DEBUG - 숏 모델 예측 확률: 13.82%
2026-01-09 19:21:01,747 - DEBUG - Fetching data...
2026-01-09 19:21:01,748 - INFO - Paper trading mode: Fetching REAL OHLCV...
2026-01-09 19:21:03,567 - DEBUG - check_entry 호출됨. 현재 잔고: 100, 현재 포지션: 0
2026-01-09 19:21:03,572 - DEBUG - 예측된 시장 체제: 2 (BEAR), 취할 행동: short
2026-01-09 19:21:03,575 - DEBUG - 숏 모델 예측 확률: 14.05%
2026-01-09 19:22:04,698 - DEBUG - Fetching data...
2026-01-09 19:22:04,698 - INFO - Paper trading mode: Fetching REAL OHLCV...
2026-01-09 19:22:06,781 - DEBUG - check_entry 호출됨. 현재 잔고: 100, 현재 포지션: 0
2026-01-09 19:22:06,784 - DEBUG - 예측된 시장 체제: 2 (BEAR), 취할 행동: short
2026-01-09 19:22:06,787 - DEBUG - 숏 모델 예측 확률: 12.97%
2026-01-09 19:23:08,220 - DEBUG - Fetching data...
2026-01-09 19:23:08,221 - INFO - Paper trading mode: Fetching REAL OHLCV...
2026-01-09 19:23:10,031 - DEBUG - check_entry 호출됨. 현재 잔고: 100, 현재 포지션: 0
2026-01-09 19:23:10,035 - DEBUG - 예측된 시장 체제: 2 (BEAR), 취할 행동: short
2026-01-09 19:23:10,038 - DEBUG - 숏 모델 예측 확률: 11.57%
2026-01-09 19:24:11,161 - DEBUG - Fetching data...
2026-01-09 19:24:11,162 - INFO - Paper trading mode: Fetching REAL OHLCV...
2026-01-09 19:24:12,861 - DEBUG - check_entry 호출됨. 현재 잔고: 100, 현재 포지션: 0
2026-01-09 19:24:12,865 - DEBUG - 예측된 시장 체제: 2 (BEAR), 취할 행동: short
2026-01-09 19:24:12,867 - DEBUG - 숏 모델 예측 확률: 11.20%
2026-01-09 19:25:14,152 - DEBUG - Fetching data...
2026-01-09 19:25:14,152 - INFO - Paper trading mode: Fetching REAL OHLCV...
2026-01-09 19:25:15,952 - DEBUG - check_entry 호출됨. 현재 잔고: 100, 현재 포지션: 0
2026-01-09 19:25:15,957 - DEBUG - 예측된 시장 체제: 2 (BEAR), 취할 행동: short
2026-01-09 19:25:15,959 - DEBUG - 숏 모델 예측 확률: 11.08%
2026-01-09 19:26:17,340 - DEBUG - Fetching data...
2026-01-09 19:26:17,340 - INFO - Paper trading mode: Fetching REAL OHLCV...
2026-01-09 19:26:18,840 - DEBUG - check_entry 호출됨. 현재 잔고: 100, 현재 포지션: 0
2026-01-09 19:26:18,844 - DEBUG - 예측된 시장 체제: 2 (BEAR), 취할 행동: short
2026-01-09 19:26:18,847 - DEBUG - 숏 모델 예측 확률: 11.08%
2026-01-09 19:27:20,156 - DEBUG - Fetching data...
2026-01-09 19:27:20,156 - INFO - Paper trading mode: Fetching REAL OHLCV...
2026-01-09 19:27:23,148 - DEBUG - check_entry 호출됨. 현재 잔고: 100, 현재 포지션: 0
2026-01-09 19:27:23,158 - DEBUG - 예측된 시장 체제: 2 (BEAR), 취할 행동: short
2026-01-09 19:27:23,167 - DEBUG - 숏 모델 예측 확률: 10.75%
2026-01-09 19:28:24,343 - DEBUG - Fetching data...
2026-01-09 19:28:24,343 - INFO - Paper trading mode: Fetching REAL OHLCV...
2026-01-09 19:28:26,644 - DEBUG - check_entry 호출됨. 현재 잔고: 100, 현재 포지션: 0
2026-01-09 19:28:26,648 - DEBUG - 예측된 시장 체제: 2 (BEAR), 취할 행동: short
2026-01-09 19:28:26,651 - DEBUG - 숏 모델 예측 확률: 11.08%
2026-01-09 19:29:27,852 - DEBUG - Fetching data...
2026-01-09 19:29:27,852 - INFO - Paper trading mode: Fetching REAL OHLCV...
2026-01-09 19:29:30,852 - DEBUG - check_entry 호출됨. 현재 잔고: 100, 현재 포지션: 0
2026-01-09 19:29:30,855 - DEBUG - 예측된 시장 체제: 2 (BEAR), 취할 행동: short
2026-01-09 19:29:30,858 - DEBUG - 숏 모델 예측 확률: 11.08%
2026-01-09 19:30:32,020 - DEBUG - Fetching data...
2026-01-09 19:30:32,021 - INFO - Paper trading mode: Fetching REAL OHLCV...
2026-01-09 19:30:33,763 - DEBUG - check_entry 호출됨. 현재 잔고: 100, 현재 포지션: 0
2026-01-09 19:30:33,766 - DEBUG - 예측된 시장 체제: 2 (BEAR), 취할 행동: short
2026-01-09 19:30:33,769 - DEBUG - 숏 모델 예측 확률: 13.26%
2026-01-09 19:31:34,834 - DEBUG - Fetching data...
2026-01-09 19:31:34,839 - INFO - Paper trading mode: Fetching REAL OHLCV...
2026-01-09 19:31:37,604 - DEBUG - check_entry 호출됨. 현재 잔고: 100, 현재 포지션: 0
2026-01-09 19:31:37,614 - DEBUG - 예측된 시장 체제: 2 (BEAR), 취할 행동: short
2026-01-09 19:31:37,627 - DEBUG - 숏 모델 예측 확률: 13.26%
2026-01-09 19:32:39,076 - DEBUG - Fetching data...
2026-01-09 19:32:39,076 - INFO - Paper trading mode: Fetching REAL OHLCV...
2026-01-09 19:32:40,534 - DEBUG - check_entry 호출됨. 현재 잔고: 100, 현재 포지션: 0
2026-01-09 19:32:40,541 - DEBUG - 예측된 시장 체제: 2 (BEAR), 취할 행동: short
2026-01-09 19:32:40,543 - DEBUG - 숏 모델 예측 확률: 13.56%
2026-01-09 19:33:42,453 - DEBUG - Fetching data...
2026-01-09 19:33:42,453 - INFO - Paper trading mode: Fetching REAL OHLCV...
2026-01-09 19:33:45,065 - DEBUG - check_entry 호출됨. 현재 잔고: 100, 현재 포지션: 0
2026-01-09 19:33:45,069 - DEBUG - 예측된 시장 체제: 2 (BEAR), 취할 행동: short
2026-01-09 19:33:45,072 - DEBUG - 숏 모델 예측 확률: 13.42%
2026-01-09 19:34:46,090 - DEBUG - Fetching data...
2026-01-09 19:34:46,090 - INFO - Paper trading mode: Fetching REAL OHLCV...
2026-01-09 19:34:47,885 - DEBUG - check_entry 호출됨. 현재 잔고: 100, 현재 포지션: 0
2026-01-09 19:34:47,889 - DEBUG - 예측된 시장 체제: 2 (BEAR), 취할 행동: short
2026-01-09 19:34:47,892 - DEBUG - 숏 모델 예측 확률: 13.43%
2026-01-09 19:35:49,320 - DEBUG - Fetching data...
2026-01-09 19:35:49,321 - INFO - Paper trading mode: Fetching REAL OHLCV...
2026-01-09 19:35:50,692 - DEBUG - check_entry 호출됨. 현재 잔고: 100, 현재 포지션: 0
2026-01-09 19:35:50,697 - DEBUG - 예측된 시장 체제: 2 (BEAR), 취할 행동: short
2026-01-09 19:35:50,700 - DEBUG - 숏 모델 예측 확률: 12.72%
2026-01-09 19:36:52,266 - DEBUG - Fetching data...
2026-01-09 19:36:52,267 - INFO - Paper trading mode: Fetching REAL OHLCV...
2026-01-09 19:36:53,806 - DEBUG - check_entry 호출됨. 현재 잔고: 100, 현재 포지션: 0
2026-01-09 19:36:53,810 - DEBUG - 예측된 시장 체제: 2 (BEAR), 취할 행동: short
2026-01-09 19:36:53,812 - DEBUG - 숏 모델 예측 확률: 13.56%
2026-01-09 19:37:55,188 - DEBUG - Fetching data...
2026-01-09 19:37:55,189 - INFO - Paper trading mode: Fetching REAL OHLCV...
2026-01-09 19:37:57,388 - DEBUG - check_entry 호출됨. 현재 잔고: 100, 현재 포지션: 0
2026-01-09 19:37:57,391 - DEBUG - 예측된 시장 체제: 2 (BEAR), 취할 행동: short
2026-01-09 19:37:57,394 - DEBUG - 숏 모델 예측 확률: 11.87%
