2026-01-09 18:56:38,594 - INFO - 🤖 ML 모델 로딩...
2026-01-09 18:56:39,214 - INFO -    Short 모델 정확도: 81.9%
2026-01-09 18:56:39,214 - INFO -    Long 모델 정확도: 81.4%
2026-01-09 18:56:39,214 - INFO -    Regime 모델 정확도: 84.9%
2026-01-09 18:56:39,216 - INFO - 📅 자동 재학습 스케줄러 가동 (매일 00:00)
2026-01-09 18:56:39,216 - INFO - 봇 초기화 완료: BTC/USDT (5m)
2026-01-09 18:56:39,415 - INFO - 🚀 라이브 트레이딩 봇 시작 (다중 ML 모델)
2026-01-09 18:56:49,358 - INFO - 📊 현재 시장 레짐: SIDEWAYS (가격: 90,340.40)
2026-01-09 18:56:49,370 - INFO - ⏸️ 횡보장 또는 스킵 구간 - 관망
2026-01-09 18:56:49,370 - INFO - 💤 다음 캔들 대기 (5분)...
2026-01-09 19:02:00,790 - INFO - 📊 현재 시장 레짐: SIDEWAYS (가격: 90,337.90)
2026-01-09 19:02:00,790 - INFO - ⏸️ 횡보장 또는 스킵 구간 - 관망
2026-01-09 19:02:00,790 - INFO - 💤 다음 캔들 대기 (5분)...
2026-01-09 19:03:27,905 - INFO - 🤖 ML 모델 로딩...
2026-01-09 19:03:28,093 - INFO -    Short 모델 정확도: 81.9%
2026-01-09 19:03:28,093 - INFO -    Long 모델 정확도: 81.4%
2026-01-09 19:03:28,093 - INFO -    Regime 모델 정확도: 84.9%
2026-01-09 19:03:28,094 - INFO - 📅 자동 재학습 스케줄러 가동 (매일 00:00)
2026-01-09 19:03:28,094 - INFO - 봇 초기화 완료: BTC/USDT (5m)
2026-01-09 19:03:28,143 - INFO - 🚀 라이브 트레이딩 봇 시작 (다중 ML 모델)
2026-01-09 19:03:31,821 - INFO - 📊 현재 시장 레짐: SIDEWAYS (가격: 90,314.90)
2026-01-09 19:03:31,830 - INFO - ⏸️ 횡보장 또는 스킵 구간 - 관망
2026-01-09 19:03:31,830 - INFO - 💤 다음 캔들 대기 (5분)...
2026-01-09 19:08:17,933 - INFO - 🤖 ML 모델 로딩...
2026-01-09 19:08:18,163 - INFO -    Short 모델 정확도: 81.9%
2026-01-09 19:08:18,163 - INFO -    Long 모델 정확도: 81.4%
2026-01-09 19:08:18,163 - INFO -    Regime 모델 정확도: 84.9%
2026-01-09 19:08:18,164 - INFO - 📅 자동 재학습 스케줄러 가동 (매일 00:00)
2026-01-09 19:08:18,164 - INFO - 봇 초기화 완료: BTC/USDT (5m)
2026-01-09 19:08:18,218 - INFO - 🚀 라이브 트레이딩 봇 시작 (다중 ML 모델)
2026-01-09 19:08:22,181 - INFO - 📊 현재 시장 레짐: SIDEWAYS (가격: 90,411.60)
2026-01-09 19:08:22,192 - INFO - ⏸️ 횡보장 또는 스킵 구간 - 관망
2026-01-09 19:08:22,197 - INFO - 💤 다음 캔들 대기 (5분)...
2026-01-09 19:08:29,636 - INFO - 🤖 ML 모델 로딩...
2026-01-09 19:08:29,827 - INFO -    Short 모델 정확도: 81.9%
2026-01-09 19:08:29,828 - INFO -    Long 모델 정확도: 81.4%
2026-01-09 19:08:29,828 - INFO -    Regime 모델 정확도: 84.9%
2026-01-09 19:08:29,828 - INFO - 📅 자동 재학습 스케줄러 가동 (매일 00:00)
2026-01-09 19:08:29,828 - INFO - 봇 초기화 완료: BTC/USDT (5m)
2026-01-09 19:08:29,883 - INFO - 🚀 라이브 트레이딩 봇 시작 (다중 ML 모델)
2026-01-09 19:08:33,582 - INFO - 📊 현재 시장 레짐: SIDEWAYS (가격: 90,411.70)
2026-01-09 19:08:33,582 - INFO - ⏸️ 횡보장 또는 스킵 구간 - 관망
2026-01-09 19:08:33,582 - INFO - 💤 다음 캔들 대기 (5분)...
2026-01-09 19:08:41,643 - INFO - 🤖 ML 모델 로딩...
2026-01-09 19:08:41,837 - INFO -    Short 모델 정확도: 81.9%
2026-01-09 19:08:41,837 - INFO -    Long 모델 정확도: 81.4%
2026-01-09 19:08:41,837 - INFO -    Regime 모델 정확도: 84.9%
2026-01-09 19:08:41,838 - INFO - 📅 자동 재학습 스케줄러 가동 (매일 00:00)
2026-01-09 19:08:41,838 - INFO - 봇 초기화 완료: BTC/USDT (5m)
2026-01-09 19:08:41,898 - INFO - 🚀 라이브 트레이딩 봇 시작 (다중 ML 모델)
2026-01-09 19:08:45,933 - INFO - 📊 현재 시장 레짐: SIDEWAYS (가격: 90,426.90)
2026-01-09 19:08:45,961 - INFO - ⏸️ 횡보장 또는 스킵 구간 - 관망
2026-01-09 19:08:45,964 - INFO - 💤 다음 캔들 대기 (5분)...
2026-01-09 19:08:53,092 - INFO - 🤖 ML 모델 로딩...
2026-01-09 19:08:53,291 - INFO -    Short 모델 정확도: 81.9%
2026-01-09 19:08:53,291 - INFO -    Long 모델 정확도: 81.4%
2026-01-09 19:08:53,291 - INFO -    Regime 모델 정확도: 84.9%
2026-01-09 19:08:53,292 - INFO - 📅 자동 재학습 스케줄러 가동 (매일 00:00)
2026-01-09 19:08:53,292 - INFO - 봇 초기화 완료: BTC/USDT (5m)
2026-01-09 19:08:53,352 - INFO - 🚀 라이브 트레이딩 봇 시작 (다중 ML 모델)
2026-01-09 19:08:57,256 - INFO - 📊 현재 시장 레짐: SIDEWAYS (가격: 90,428.40)
2026-01-09 19:08:57,262 - INFO - ⏸️ 횡보장 또는 스킵 구간 - 관망
2026-01-09 19:08:57,262 - INFO - 💤 다음 캔들 대기 (5분)...
2026-01-09 19:10:04,043 - INFO - 🤖 ML 모델 로딩...
2026-01-09 19:10:04,241 - INFO -    Short 모델 정확도: 81.9%
2026-01-09 19:10:04,241 - INFO -    Long 모델 정확도: 81.4%
2026-01-09 19:10:04,241 - INFO -    Regime 모델 정확도: 84.9%
2026-01-09 19:10:04,242 - INFO - 📅 자동 재학습 스케줄러 가동 (매일 00:00)
2026-01-09 19:10:04,242 - INFO - 봇 초기화 완료: BTC/USDT (5m)
2026-01-09 19:10:04,296 - INFO - 🚀 라이브 트레이딩 봇 시작 (다중 ML 모델)
2026-01-09 19:10:08,091 - INFO - 📊 현재 시장 레짐: SIDEWAYS (가격: 90,449.10)
2026-01-09 19:10:08,094 - INFO - ⏸️ 횡보장 또는 스킵 구간 - 관망
2026-01-09 19:10:08,108 - INFO - 💤 다음 캔들 대기 (5분)...
2026-01-09 19:10:15,562 - INFO - 🤖 ML 모델 로딩...
2026-01-09 19:10:15,778 - INFO -    Short 모델 정확도: 81.9%
2026-01-09 19:10:15,778 - INFO -    Long 모델 정확도: 81.4%
2026-01-09 19:10:15,778 - INFO -    Regime 모델 정확도: 84.9%
2026-01-09 19:10:15,779 - INFO - 📅 자동 재학습 스케줄러 가동 (매일 00:00)
2026-01-09 19:10:15,779 - INFO - 봇 초기화 완료: BTC/USDT (5m)
2026-01-09 19:10:15,837 - INFO - 🚀 라이브 트레이딩 봇 시작 (다중 ML 모델)
2026-01-09 19:10:19,763 - INFO - 📊 현재 시장 레짐: SIDEWAYS (가격: 90,457.00)
2026-01-09 19:10:19,764 - INFO - ⏸️ 횡보장 또는 스킵 구간 - 관망
2026-01-09 19:10:19,764 - INFO - 💤 다음 캔들 대기 (5분)...
2026-01-09 19:11:06,862 - INFO - 🤖 ML 모델 로딩...
2026-01-09 19:11:07,061 - INFO -    Short 모델 정확도: 81.9%
2026-01-09 19:11:07,062 - INFO -    Long 모델 정확도: 81.4%
2026-01-09 19:11:07,062 - INFO -    Regime 모델 정확도: 84.9%
2026-01-09 19:11:07,062 - INFO - 📅 자동 재학습 스케줄러 가동 (매일 00:00)
2026-01-09 19:11:07,063 - INFO - 봇 초기화 완료: BTC/USDT (5m)
2026-01-09 19:11:07,121 - INFO - 🚀 라이브 트레이딩 봇 시작 (다중 ML 모델)
2026-01-09 19:11:10,928 - INFO - 📊 현재 시장 레짐: SIDEWAYS (가격: 90,471.00)
2026-01-09 19:11:10,935 - INFO - ⏸️ 횡보장 또는 스킵 구간 - 관망
2026-01-09 19:11:10,938 - INFO - 💤 다음 캔들 대기 (5분)...
2026-01-09 19:11:23,524 - INFO - 🤖 ML 모델 로딩...
2026-01-09 19:11:23,712 - INFO -    Short 모델 정확도: 81.9%
2026-01-09 19:11:23,712 - INFO -    Long 모델 정확도: 81.4%
2026-01-09 19:11:23,712 - INFO -    Regime 모델 정확도: 84.9%
2026-01-09 19:11:23,713 - INFO - 📅 자동 재학습 스케줄러 가동 (매일 00:00)
2026-01-09 19:11:23,713 - INFO - 봇 초기화 완료: BTC/USDT (5m)
2026-01-09 19:11:23,768 - INFO - 🚀 라이브 트레이딩 봇 시작 (다중 ML 모델)
2026-01-09 19:11:27,619 - INFO - 📊 현재 시장 레짐: SIDEWAYS (가격: 90,471.50)
2026-01-09 19:11:27,622 - INFO - ⏸️ 횡보장 또는 스킵 구간 - 관망
2026-01-09 19:11:27,622 - INFO - 💤 다음 캔들 대기 (5분)...
2026-01-09 19:11:40,707 - INFO - 🤖 ML 모델 로딩...
2026-01-09 19:11:40,923 - INFO -    Short 모델 정확도: 81.9%
2026-01-09 19:11:40,923 - INFO -    Long 모델 정확도: 81.4%
2026-01-09 19:11:40,923 - INFO -    Regime 모델 정확도: 84.9%
2026-01-09 19:11:40,923 - INFO - 📅 자동 재학습 스케줄러 가동 (매일 00:00)
2026-01-09 19:11:40,924 - INFO - 봇 초기화 완료: BTC/USDT (5m)
2026-01-09 19:11:40,973 - INFO - 🚀 라이브 트레이딩 봇 시작 (다중 ML 모델)
2026-01-09 19:11:44,802 - INFO - 📊 현재 시장 레짐: SIDEWAYS (가격: 90,456.80)
2026-01-09 19:11:44,808 - INFO - ⏸️ 횡보장 또는 스킵 구간 - 관망
2026-01-09 19:11:44,808 - INFO - 💤 다음 캔들 대기 (5분)...
2026-01-09 19:11:54,064 - INFO - 🤖 ML 모델 로딩...
2026-01-09 19:11:54,255 - INFO -    Short 모델 정확도: 81.9%
2026-01-09 19:11:54,255 - INFO -    Long 모델 정확도: 81.4%
2026-01-09 19:11:54,256 - INFO -    Regime 모델 정확도: 84.9%
2026-01-09 19:11:54,257 - INFO - 📅 자동 재학습 스케줄러 가동 (매일 00:00)
2026-01-09 19:11:54,257 - INFO - 봇 초기화 완료: BTC/USDT (5m)
2026-01-09 19:11:54,310 - INFO - 🚀 라이브 트레이딩 봇 시작 (다중 ML 모델)
2026-01-09 19:11:57,984 - INFO - 📊 현재 시장 레짐: SIDEWAYS (가격: 90,454.00)
2026-01-09 19:11:57,984 - INFO - ⏸️ 횡보장 또는 스킵 구간 - 관망
2026-01-09 19:11:57,991 - INFO - 💤 다음 캔들 대기 (5분)...
2026-01-09 19:12:24,529 - INFO - 🤖 ML 모델 로딩...
2026-01-09 19:12:24,737 - INFO -    Short 모델 정확도: 81.9%
2026-01-09 19:12:24,737 - INFO -    Long 모델 정확도: 81.4%
2026-01-09 19:12:24,737 - INFO -    Regime 모델 정확도: 84.9%
2026-01-09 19:12:24,738 - INFO - 📅 자동 재학습 스케줄러 가동 (매일 00:00)
2026-01-09 19:12:24,738 - INFO - 봇 초기화 완료: BTC/USDT (5m)
2026-01-09 19:12:24,814 - INFO - 🚀 라이브 트레이딩 봇 시작 (다중 ML 모델)
2026-01-09 19:12:28,716 - INFO - 📊 현재 시장 레짐: SIDEWAYS (가격: 90,472.20)
2026-01-09 19:12:28,716 - INFO - ⏸️ 횡보장 또는 스킵 구간 - 관망
2026-01-09 19:12:28,716 - INFO - 💤 다음 캔들 대기 (5분)...
2026-01-09 19:12:34,874 - INFO - 🤖 ML 모델 로딩...
2026-01-09 19:12:35,091 - INFO -    Short 모델 정확도: 81.9%
2026-01-09 19:12:35,091 - INFO -    Long 모델 정확도: 81.4%
2026-01-09 19:12:35,091 - INFO -    Regime 모델 정확도: 84.9%
2026-01-09 19:12:35,092 - INFO - 📅 자동 재학습 스케줄러 가동 (매일 00:00)
2026-01-09 19:12:35,092 - INFO - 봇 초기화 완료: BTC/USDT (5m)
2026-01-09 19:12:35,144 - INFO - 🚀 라이브 트레이딩 봇 시작 (다중 ML 모델)
2026-01-09 19:12:39,821 - INFO - 📊 현재 시장 레짐: SIDEWAYS (가격: 90,474.70)
2026-01-09 19:12:39,822 - INFO - ⏸️ 횡보장 또는 스킵 구간 - 관망
2026-01-09 19:12:39,822 - INFO - 💤 다음 캔들 대기 (5분)...
2026-01-09 19:17:48,249 - INFO - 📊 현재 시장 레짐: SIDEWAYS (가격: 90,501.90)
2026-01-09 19:17:48,249 - INFO - ⏸️ 횡보장 또는 스킵 구간 - 관망
2026-01-09 19:17:48,249 - INFO - 💤 다음 캔들 대기 (5분)...
2026-01-09 19:22:58,108 - INFO - 📊 현재 시장 레짐: SIDEWAYS (가격: 90,519.90)
2026-01-09 19:22:58,108 - INFO - ⏸️ 횡보장 또는 스킵 구간 - 관망
2026-01-09 19:22:58,108 - INFO - 💤 다음 캔들 대기 (5분)...
2026-01-09 19:28:06,294 - INFO - 📊 현재 시장 레짐: SIDEWAYS (가격: 90,484.10)
2026-01-09 19:28:06,295 - INFO - ⏸️ 횡보장 또는 스킵 구간 - 관망
2026-01-09 19:28:06,295 - INFO - 💤 다음 캔들 대기 (5분)...
2026-01-09 19:33:15,419 - INFO - 📊 현재 시장 레짐: SIDEWAYS (가격: 90,422.90)
2026-01-09 19:33:15,429 - INFO - ⏸️ 횡보장 또는 스킵 구간 - 관망
2026-01-09 19:33:15,440 - INFO - 💤 다음 캔들 대기 (5분)...
2026-01-09 19:38:23,980 - INFO - 📊 현재 시장 레짐: SIDEWAYS (가격: 90,496.10)
2026-01-09 19:38:23,980 - INFO - ⏸️ 횡보장 또는 스킵 구간 - 관망
2026-01-09 19:38:23,980 - INFO - 💤 다음 캔들 대기 (5분)...
2026-01-09 19:43:32,908 - INFO - 📊 현재 시장 레짐: SIDEWAYS (가격: 90,527.50)
2026-01-09 19:43:32,908 - INFO - ⏸️ 횡보장 또는 스킵 구간 - 관망
2026-01-09 19:43:32,908 - INFO - 💤 다음 캔들 대기 (5분)...
2026-01-09 19:48:42,913 - INFO - 📊 현재 시장 레짐: SIDEWAYS (가격: 90,514.10)
2026-01-09 19:48:42,913 - INFO - ⏸️ 횡보장 또는 스킵 구간 - 관망
2026-01-09 19:48:42,913 - INFO - 💤 다음 캔들 대기 (5분)...
2026-01-09 19:53:16,312 - INFO - 🤖 ML 모델 로딩...
2026-01-09 19:53:17,484 - INFO -    Short 모델 정확도: 81.9%
2026-01-09 19:53:17,484 - INFO -    Long 모델 정확도: 81.4%
2026-01-09 19:53:17,484 - INFO -    Regime 모델 정확도: 84.9%
2026-01-09 19:53:17,485 - INFO - 📅 자동 재학습 스케줄러 가동 (매일 00:00)
2026-01-09 19:53:17,485 - INFO - 봇 초기화 완료: BTC/USDT (5m)
2026-01-09 19:53:17,538 - INFO - 🚀 라이브 트레이딩 봇 시작 (다중 ML 모델)
2026-01-09 19:53:21,832 - INFO - 📊 현재 시장 레짐: SIDEWAYS (가격: 90,526.90)
2026-01-09 19:53:21,841 - INFO - ⏸️ 횡보장 또는 스킵 구간 - 관망
2026-01-09 19:53:21,842 - INFO - 💤 다음 캔들 대기 (5분)...
2026-01-09 19:55:19,762 - INFO - 🤖 ML 모델 로딩...
2026-01-09 19:55:20,428 - INFO -    Short 모델 정확도: 81.9%
2026-01-09 19:55:20,428 - INFO -    Long 모델 정확도: 81.4%
2026-01-09 19:55:20,428 - INFO -    Regime 모델 정확도: 84.9%
2026-01-09 19:55:20,429 - INFO - 📅 자동 재학습 스케줄러 가동 (매일 00:00)
2026-01-09 19:55:20,429 - INFO - 봇 초기화 완료: BTC/USDT (5m)
2026-01-09 19:55:20,487 - INFO - 🚀 라이브 트레이딩 봇 시작 (다중 ML 모델)
2026-01-09 19:55:24,468 - INFO - 📊 현재 시장 레짐: SIDEWAYS (가격: 90,518.10)
2026-01-09 19:55:24,469 - INFO - ⏸️ 횡보장 또는 스킵 구간 - 관망
2026-01-09 19:55:24,469 - INFO - 💤 다음 캔들 대기 (5분)...
2026-01-09 19:59:18,627 - INFO - 🤖 ML 모델 로딩...
2026-01-09 19:59:19,251 - INFO -    Short 모델 정확도: 81.9%
2026-01-09 19:59:19,252 - INFO -    Long 모델 정확도: 81.4%
2026-01-09 19:59:19,252 - INFO -    Regime 모델 정확도: 84.9%
2026-01-09 19:59:19,252 - INFO - 📅 자동 재학습 스케줄러 가동 (매일 00:00)
2026-01-09 19:59:19,253 - INFO - 봇 초기화 완료: BTC/USDT (5m)
2026-01-09 19:59:19,305 - INFO - 🚀 라이브 트레이딩 봇 시작 (다중 ML 모델)
2026-01-09 19:59:23,456 - INFO - 📊 현재 시장 레짐: SIDEWAYS (가격: 90,492.00)
2026-01-09 19:59:23,456 - INFO - ⏸️ 횡보장 또는 스킵 구간 - 관망
2026-01-09 19:59:23,462 - INFO - 💤 다음 캔들 대기 (5분)...
2026-01-09 20:01:18,296 - INFO - Stopping 5M Bot...
2026-01-09 20:01:26,687 - INFO - 🚀 라이브 트레이딩 봇 시작 (다중 ML 모델)
2026-01-09 20:01:29,408 - INFO - 📊 현재 시장 레짐: SIDEWAYS (가격: 90,508.00)
2026-01-09 20:01:29,408 - INFO - ⏸️ 횡보장 또는 스킵 구간 - 관망
2026-01-09 20:01:29,408 - INFO - 💤 다음 캔들 대기 (5분)...
2026-01-09 20:02:46,762 - INFO - 🤖 ML 모델 로딩...
2026-01-09 20:02:47,455 - INFO -    Short 모델 정확도: 81.9%
2026-01-09 20:02:47,456 - INFO -    Long 모델 정확도: 81.4%
2026-01-09 20:02:47,456 - INFO -    Regime 모델 정확도: 84.9%
2026-01-09 20:02:47,456 - INFO - 📅 자동 재학습 스케줄러 가동 (매일 00:00)
2026-01-09 20:02:47,457 - INFO - 봇 초기화 완료: BTC/USDT (5m)
2026-01-09 20:02:47,545 - INFO - 🚀 라이브 트레이딩 봇 시작 (다중 ML 모델)
2026-01-09 20:02:51,649 - INFO - 📊 현재 시장 레짐: SIDEWAYS (가격: 90,522.00)
2026-01-09 20:02:51,649 - INFO - ⏸️ 횡보장 또는 스킵 구간 - 관망
2026-01-09 20:02:51,649 - INFO - 💤 다음 캔들 대기 (5분)...
